2025-10-16 16:15:25,579 - INFO - [MainThread] - Đang kiểm tra key live...
2025-10-16 16:15:26,011 - INFO - [MainThread] - ✅ Key live - Cho phép chạy chương trình.
2025-10-16 16:15:26,011 - INFO - [MainThread] - Đang kiểm tra và chuẩn bị browsers...
2025-10-16 16:15:26,432 - INFO - [MainThread] - ✅ Đã cài đặt browsers thành công
2025-10-16 16:15:26,432 - INFO - [MainThread] - Đã tải 4 tài khoản và 1 proxy
2025-10-16 16:17:58,316 - ERROR - [Luồng-1] - Lỗi khởi tạo browser: BrowserType.launch: Executable doesn't exist at D:\me\auto\check-login-rakuten\.venv\Lib\site-packages\playwright\driver\package\.local-browsers\chromium-1187\chrome-win\chrome.exe
╔════════════════════════════════════════════════════════════╗
║ Looks like Playwright was just installed or updated.       ║
║ Please run the following command to download new browsers: ║
║                                                            ║
║     playwright install                                     ║
║                                                            ║
║ <3 Playwright Team                                         ║
╚════════════════════════════════════════════════════════════╝
2025-10-16 16:17:58,327 - WARNING - [Luồng-1] - Failed to initialize browser with proxy for mao_2514220332@yahoo.co.jp: Error("BrowserType.launch: Executable doesn't exist at D:\\me\\auto\\check-login-rakuten\\.venv\\Lib\\site-packages\\playwright\\driver\\package\\.local-browsers\\chromium-1187\\chrome-win\\chrome.exe\n╔════════════════════════════════════════════════════════════╗\n║ Looks like Playwright was just installed or updated.       ║\n║ Please run the following command to download new browsers: ║\n║                                                            ║\n║     playwright install                                     ║\n║                                                            ║\n║ <3 Playwright Team                                         ║\n╚════════════════════════════════════════════════════════════╝")
2025-10-16 16:17:58,683 - ERROR - [Luồng-1] - Lỗi khởi tạo browser: BrowserType.launch: Executable doesn't exist at D:\me\auto\check-login-rakuten\.venv\Lib\site-packages\playwright\driver\package\.local-browsers\chromium-1187\chrome-win\chrome.exe
╔════════════════════════════════════════════════════════════╗
║ Looks like Playwright was just installed or updated.       ║
║ Please run the following command to download new browsers: ║
║                                                            ║
║     playwright install                                     ║
║                                                            ║
║ <3 Playwright Team                                         ║
╚════════════════════════════════════════════════════════════╝
2025-10-16 16:17:58,700 - WARNING - [Luồng-1] - Failed to initialize browser without proxy for mao_2514220332@yahoo.co.jp: Error("BrowserType.launch: Executable doesn't exist at D:\\me\\auto\\check-login-rakuten\\.venv\\Lib\\site-packages\\playwright\\driver\\package\\.local-browsers\\chromium-1187\\chrome-win\\chrome.exe\n╔════════════════════════════════════════════════════════════╗\n║ Looks like Playwright was just installed or updated.       ║\n║ Please run the following command to download new browsers: ║\n║                                                            ║\n║     playwright install                                     ║\n║                                                            ║\n║ <3 Playwright Team                                         ║\n╚════════════════════════════════════════════════════════════╝")
2025-10-16 16:17:58,700 - ERROR - [Luồng-1] - Lỗi trong worker thread: Exception('Failed to initialize browser with and without proxy')
2025-10-16 16:17:59,073 - ERROR - [Luồng-1] - Lỗi khởi tạo browser: BrowserType.launch: Executable doesn't exist at D:\me\auto\check-login-rakuten\.venv\Lib\site-packages\playwright\driver\package\.local-browsers\chromium-1187\chrome-win\chrome.exe
╔════════════════════════════════════════════════════════════╗
║ Looks like Playwright was just installed or updated.       ║
║ Please run the following command to download new browsers: ║
║                                                            ║
║     playwright install                                     ║
║                                                            ║
║ <3 Playwright Team                                         ║
╚════════════════════════════════════════════════════════════╝
2025-10-16 16:17:59,082 - WARNING - [Luồng-1] - Failed to initialize browser with proxy for kango_n@yahoo.co.jp: Error("BrowserType.launch: Executable doesn't exist at D:\\me\\auto\\check-login-rakuten\\.venv\\Lib\\site-packages\\playwright\\driver\\package\\.local-browsers\\chromium-1187\\chrome-win\\chrome.exe\n╔════════════════════════════════════════════════════════════╗\n║ Looks like Playwright was just installed or updated.       ║\n║ Please run the following command to download new browsers: ║\n║                                                            ║\n║     playwright install                                     ║\n║                                                            ║\n║ <3 Playwright Team                                         ║\n╚════════════════════════════════════════════════════════════╝")
2025-10-16 16:17:59,457 - ERROR - [Luồng-1] - Lỗi khởi tạo browser: BrowserType.launch: Executable doesn't exist at D:\me\auto\check-login-rakuten\.venv\Lib\site-packages\playwright\driver\package\.local-browsers\chromium-1187\chrome-win\chrome.exe
╔════════════════════════════════════════════════════════════╗
║ Looks like Playwright was just installed or updated.       ║
║ Please run the following command to download new browsers: ║
║                                                            ║
║     playwright install                                     ║
║                                                            ║
║ <3 Playwright Team                                         ║
╚════════════════════════════════════════════════════════════╝
2025-10-16 16:17:59,463 - WARNING - [Luồng-1] - Failed to initialize browser without proxy for kango_n@yahoo.co.jp: Error("BrowserType.launch: Executable doesn't exist at D:\\me\\auto\\check-login-rakuten\\.venv\\Lib\\site-packages\\playwright\\driver\\package\\.local-browsers\\chromium-1187\\chrome-win\\chrome.exe\n╔════════════════════════════════════════════════════════════╗\n║ Looks like Playwright was just installed or updated.       ║\n║ Please run the following command to download new browsers: ║\n║                                                            ║\n║     playwright install                                     ║\n║                                                            ║\n║ <3 Playwright Team                                         ║\n╚════════════════════════════════════════════════════════════╝")
2025-10-16 16:17:59,466 - ERROR - [Luồng-1] - Lỗi trong worker thread: Exception('Failed to initialize browser with and without proxy')
2025-10-16 16:17:59,831 - ERROR - [Luồng-1] - Lỗi khởi tạo browser: BrowserType.launch: Executable doesn't exist at D:\me\auto\check-login-rakuten\.venv\Lib\site-packages\playwright\driver\package\.local-browsers\chromium-1187\chrome-win\chrome.exe
╔════════════════════════════════════════════════════════════╗
║ Looks like Playwright was just installed or updated.       ║
║ Please run the following command to download new browsers: ║
║                                                            ║
║     playwright install                                     ║
║                                                            ║
║ <3 Playwright Team                                         ║
╚════════════════════════════════════════════════════════════╝
2025-10-16 16:17:59,840 - WARNING - [Luồng-1] - Failed to initialize browser with proxy for dakutosg@yahoo.co.jp: Error("BrowserType.launch: Executable doesn't exist at D:\\me\\auto\\check-login-rakuten\\.venv\\Lib\\site-packages\\playwright\\driver\\package\\.local-browsers\\chromium-1187\\chrome-win\\chrome.exe\n╔════════════════════════════════════════════════════════════╗\n║ Looks like Playwright was just installed or updated.       ║\n║ Please run the following command to download new browsers: ║\n║                                                            ║\n║     playwright install                                     ║\n║                                                            ║\n║ <3 Playwright Team                                         ║\n╚════════════════════════════════════════════════════════════╝")
2025-10-16 16:18:00,209 - ERROR - [Luồng-1] - Lỗi khởi tạo browser: BrowserType.launch: Executable doesn't exist at D:\me\auto\check-login-rakuten\.venv\Lib\site-packages\playwright\driver\package\.local-browsers\chromium-1187\chrome-win\chrome.exe
╔════════════════════════════════════════════════════════════╗
║ Looks like Playwright was just installed or updated.       ║
║ Please run the following command to download new browsers: ║
║                                                            ║
║     playwright install                                     ║
║                                                            ║
║ <3 Playwright Team                                         ║
╚════════════════════════════════════════════════════════════╝
2025-10-16 16:18:00,217 - WARNING - [Luồng-1] - Failed to initialize browser without proxy for dakutosg@yahoo.co.jp: Error("BrowserType.launch: Executable doesn't exist at D:\\me\\auto\\check-login-rakuten\\.venv\\Lib\\site-packages\\playwright\\driver\\package\\.local-browsers\\chromium-1187\\chrome-win\\chrome.exe\n╔════════════════════════════════════════════════════════════╗\n║ Looks like Playwright was just installed or updated.       ║\n║ Please run the following command to download new browsers: ║\n║                                                            ║\n║     playwright install                                     ║\n║                                                            ║\n║ <3 Playwright Team                                         ║\n╚════════════════════════════════════════════════════════════╝")
2025-10-16 16:18:00,218 - ERROR - [Luồng-1] - Lỗi trong worker thread: Exception('Failed to initialize browser with and without proxy')
2025-10-16 16:18:00,572 - ERROR - [Luồng-1] - Lỗi khởi tạo browser: BrowserType.launch: Executable doesn't exist at D:\me\auto\check-login-rakuten\.venv\Lib\site-packages\playwright\driver\package\.local-browsers\chromium-1187\chrome-win\chrome.exe
╔════════════════════════════════════════════════════════════╗
║ Looks like Playwright was just installed or updated.       ║
║ Please run the following command to download new browsers: ║
║                                                            ║
║     playwright install                                     ║
║                                                            ║
║ <3 Playwright Team                                         ║
╚════════════════════════════════════════════════════════════╝
2025-10-16 16:18:00,581 - WARNING - [Luồng-1] - Failed to initialize browser with proxy for tmyu417@yahoo.co.jp: Error("BrowserType.launch: Executable doesn't exist at D:\\me\\auto\\check-login-rakuten\\.venv\\Lib\\site-packages\\playwright\\driver\\package\\.local-browsers\\chromium-1187\\chrome-win\\chrome.exe\n╔════════════════════════════════════════════════════════════╗\n║ Looks like Playwright was just installed or updated.       ║\n║ Please run the following command to download new browsers: ║\n║                                                            ║\n║     playwright install                                     ║\n║                                                            ║\n║ <3 Playwright Team                                         ║\n╚════════════════════════════════════════════════════════════╝")
2025-10-16 16:18:00,931 - ERROR - [Luồng-1] - Lỗi khởi tạo browser: BrowserType.launch: Executable doesn't exist at D:\me\auto\check-login-rakuten\.venv\Lib\site-packages\playwright\driver\package\.local-browsers\chromium-1187\chrome-win\chrome.exe
╔════════════════════════════════════════════════════════════╗
║ Looks like Playwright was just installed or updated.       ║
║ Please run the following command to download new browsers: ║
║                                                            ║
║     playwright install                                     ║
║                                                            ║
║ <3 Playwright Team                                         ║
╚════════════════════════════════════════════════════════════╝
2025-10-16 16:18:00,954 - WARNING - [Luồng-1] - Failed to initialize browser without proxy for tmyu417@yahoo.co.jp: Error("BrowserType.launch: Executable doesn't exist at D:\\me\\auto\\check-login-rakuten\\.venv\\Lib\\site-packages\\playwright\\driver\\package\\.local-browsers\\chromium-1187\\chrome-win\\chrome.exe\n╔════════════════════════════════════════════════════════════╗\n║ Looks like Playwright was just installed or updated.       ║\n║ Please run the following command to download new browsers: ║\n║                                                            ║\n║     playwright install                                     ║\n║                                                            ║\n║ <3 Playwright Team                                         ║\n╚════════════════════════════════════════════════════════════╝")
2025-10-16 16:18:00,954 - ERROR - [Luồng-1] - Lỗi trong worker thread: Exception('Failed to initialize browser with and without proxy')
2025-10-16 16:18:00,954 - INFO - [MainThread] - Đã xử lý xong tất cả tài khoản.
2025-10-16 16:18:00,957 - INFO - [MainThread] - ✅ Đăng ký thành công: 0
2025-10-16 16:18:00,957 - INFO - [MainThread] - ❌ Đăng ký thất bại: 4
2025-10-16 16:18:00,958 - INFO - [MainThread] - Đã dọn dẹp dữ liệu người dùng thành công.
2025-10-16 16:18:00,959 - INFO - [MainThread] - Chương trình hoàn tất. Thoát sau 5 giây...
2025-10-16 16:18:05,960 - WARNING - [MainThread] - Đang dọn dẹp browsers...
2025-10-16 16:18:05,960 - WARNING - [MainThread] - Đang dọn dẹp browsers...
2025-10-16 16:19:14,634 - INFO - [MainThread] - Đang kiểm tra key live...
2025-10-16 16:19:15,318 - INFO - [MainThread] - ✅ Key live - Cho phép chạy chương trình.
2025-10-16 16:19:15,334 - INFO - [MainThread] - Đang kiểm tra và chuẩn bị browsers...
2025-10-16 16:19:15,774 - INFO - [MainThread] - ✅ Đã cài đặt browsers thành công
2025-10-16 16:19:15,774 - INFO - [MainThread] - Đã tải 4 tài khoản và 1 proxy
2025-10-16 16:19:19,183 - INFO - [Luồng-1] - Bắt đầu kiểm tra tài khoản: mao_2514220332@yahoo.co.jp
2025-10-16 16:19:52,453 - INFO - [MainThread] - Đang kiểm tra key live...
2025-10-16 16:19:52,849 - INFO - [MainThread] - ✅ Key live - Cho phép chạy chương trình.
2025-10-16 16:19:52,865 - INFO - [MainThread] - Đang kiểm tra và chuẩn bị browsers...
2025-10-16 16:19:53,354 - INFO - [MainThread] - ✅ Đã cài đặt browsers thành công
2025-10-16 16:19:53,354 - INFO - [MainThread] - Đã tải 4 tài khoản và 0 proxy
2025-10-16 16:19:53,355 - INFO - [MainThread] - Đã dọn dẹp dữ liệu người dùng thành công.
2025-10-16 16:20:18,293 - INFO - [Luồng-1] - Bắt đầu kiểm tra tài khoản: mao_2514220332@yahoo.co.jp
2025-10-16 16:20:44,677 - WARNING - [Luồng-1] - Đăng nhập thất bại cho mao_2514220332@yahoo.co.jp: Acc Die
2025-10-16 16:20:44,688 - WARNING - [Luồng-1] - Đăng nhập thất bại cho mao_2514220332@yahoo.co.jp: Acc Die
2025-10-16 16:20:44,689 - INFO - [Luồng-1] - Hoàn tất xử lý tài khoản: mao_2514220332@yahoo.co.jp
2025-10-16 16:20:45,761 - INFO - [Luồng-1] - Bắt đầu kiểm tra tài khoản: kango_n@yahoo.co.jp
2025-10-17 13:39:01,571 - INFO - [MainThread] - Đang kiểm tra key live...
2025-10-17 13:39:02,458 - INFO - [MainThread] - ✅ Key live - Cho phép chạy chương trình.
2025-10-17 13:39:02,460 - INFO - [MainThread] - Đang kiểm tra và chuẩn bị browsers...
2025-10-17 13:39:03,339 - INFO - [MainThread] - ✅ Đã cài đặt browsers thành công
2025-10-17 13:39:03,340 - INFO - [MainThread] - Đã tải 2 tài khoản và 1 proxy
2025-10-17 13:39:03,340 - INFO - [MainThread] - Đã dọn dẹp dữ liệu người dùng thành công.
2025-10-17 13:39:07,032 - INFO - [Luồng-1] - Bắt đầu kiểm tra tài khoản: ohana_0827@yahoo.co.jp
2025-10-17 13:41:42,844 - INFO - [Luồng-1] - ✅ ohana_0827@yahoo.co.jp - (Cash: 0)
2025-10-17 13:41:42,847 - INFO - [Luồng-1] - Hoàn tất xử lý tài khoản: ohana_0827@yahoo.co.jp
2025-10-17 13:41:43,806 - INFO - [Luồng-1] - Bắt đầu kiểm tra tài khoản: sinmayazaki@yahoo.co.jp
2025-10-17 13:43:31,940 - INFO - [Luồng-1] - ✅ sinmayazaki@yahoo.co.jp - (Total Point: 0 | Operation: 0 | Cash: 0)
2025-10-17 13:43:31,945 - INFO - [Luồng-1] - Hoàn tất xử lý tài khoản: sinmayazaki@yahoo.co.jp
2025-10-17 13:43:32,121 - INFO - [MainThread] - Đã xử lý xong tất cả tài khoản.
2025-10-17 13:43:32,121 - INFO - [MainThread] - ✅ Đăng ký thành công: 2
2025-10-17 13:43:32,122 - INFO - [MainThread] - ❌ Đăng ký thất bại: 0
2025-10-17 13:43:32,122 - INFO - [MainThread] - Đã dọn dẹp dữ liệu người dùng thành công.
2025-10-17 13:43:32,122 - INFO - [MainThread] - Chương trình hoàn tất. Thoát sau 5 giây...
2025-10-17 13:43:37,123 - WARNING - [MainThread] - Đang dọn dẹp browsers...
2025-10-17 13:43:37,123 - WARNING - [MainThread] - Đang dọn dẹp browsers...
2025-10-17 13:47:39,415 - INFO - [MainThread] - Đang kiểm tra key live...
2025-10-17 13:47:40,082 - INFO - [MainThread] - ✅ Key live - Cho phép chạy chương trình.
2025-10-17 13:47:40,082 - INFO - [MainThread] - Đang kiểm tra và chuẩn bị browsers...
2025-10-17 13:47:40,518 - INFO - [MainThread] - ✅ Đã cài đặt browsers thành công
2025-10-17 13:47:40,518 - INFO - [MainThread] - Đã tải 2 tài khoản và 1 proxy
2025-10-17 13:47:47,919 - INFO - [Luồng-1] - Bắt đầu kiểm tra tài khoản: ohana_0827@yahoo.co.jp
2025-10-17 13:47:48,438 - INFO - [Luồng-2] - Bắt đầu kiểm tra tài khoản: sinmayazaki@yahoo.co.jp
2025-10-17 13:49:58,872 - INFO - [Luồng-1] - ✅ ohana_0827@yahoo.co.jp - (Cash: 0)
2025-10-17 13:49:58,874 - INFO - [Luồng-1] - Hoàn tất xử lý tài khoản: ohana_0827@yahoo.co.jp
2025-10-17 13:50:35,496 - INFO - [Luồng-2] - ✅ sinmayazaki@yahoo.co.jp - (Total Point: 0 | Operation: 0 | Cash: 0)
2025-10-17 13:50:35,512 - INFO - [Luồng-2] - Hoàn tất xử lý tài khoản: sinmayazaki@yahoo.co.jp
2025-10-17 13:50:35,578 - INFO - [MainThread] - Đã xử lý xong tất cả tài khoản.
2025-10-17 13:50:35,578 - INFO - [MainThread] - ✅ Đăng ký thành công: 2
2025-10-17 13:50:35,578 - INFO - [MainThread] - ❌ Đăng ký thất bại: 0
2025-10-17 13:50:35,579 - INFO - [MainThread] - Đã dọn dẹp dữ liệu người dùng thành công.
2025-10-17 13:50:35,579 - INFO - [MainThread] - Chương trình hoàn tất. Thoát sau 5 giây...
2025-10-17 13:50:40,580 - WARNING - [MainThread] - Đang dọn dẹp browsers...
2025-10-17 13:50:40,580 - WARNING - [MainThread] - Đang dọn dẹp browsers...
2025-10-17 13:53:32,511 - INFO - [MainThread] - Đang kiểm tra key live...
2025-10-17 13:53:33,362 - INFO - [MainThread] - ✅ Key live - Cho phép chạy chương trình.
2025-10-17 13:53:33,364 - INFO - [MainThread] - Đang kiểm tra và chuẩn bị browsers...
2025-10-17 13:53:34,064 - INFO - [MainThread] - ✅ Đã cài đặt browsers thành công
2025-10-17 13:53:34,065 - INFO - [MainThread] - Đã tải 2 tài khoản và 1 proxy
2025-10-17 13:53:39,054 - INFO - [Luồng-1] - Bắt đầu kiểm tra tài khoản: ohana_0827@yahoo.co.jp
2025-10-17 13:53:40,377 - INFO - [Luồng-2] - Bắt đầu kiểm tra tài khoản: sinmayazaki@yahoo.co.jp
2025-10-17 13:54:12,776 - ERROR - [Luồng-1] - ❌ Lỗi trong quá trình kiểm tra cho ohana_0827@yahoo.co.jp: UnboundLocalError("cannot access local variable 'result' where it is not associated with a value")
2025-10-17 13:54:12,779 - WARNING - [Luồng-1] - Đăng nhập thất bại cho ohana_0827@yahoo.co.jp: Acc Die
2025-10-17 13:54:12,784 - INFO - [Luồng-1] - Hoàn tất xử lý tài khoản: ohana_0827@yahoo.co.jp
2025-10-17 13:54:28,436 - WARNING - [Luồng-2] - Đăng nhập thất bại cho sinmayazaki@yahoo.co.jp: Acc Die
2025-10-17 13:54:28,436 - INFO - [Luồng-2] - Hoàn tất xử lý tài khoản: sinmayazaki@yahoo.co.jp
2025-10-17 13:54:28,506 - INFO - [MainThread] - Đã xử lý xong tất cả tài khoản.
2025-10-17 13:54:28,506 - INFO - [MainThread] - ✅ Đăng ký thành công: 0
2025-10-17 13:54:28,506 - INFO - [MainThread] - ❌ Đăng ký thất bại: 2
2025-10-17 13:54:28,519 - INFO - [MainThread] - Đã dọn dẹp dữ liệu người dùng thành công.
2025-10-17 13:54:28,519 - INFO - [MainThread] - Chương trình hoàn tất. Thoát sau 5 giây...
2025-10-17 13:54:33,520 - WARNING - [MainThread] - Đang dọn dẹp browsers...
2025-10-17 13:54:33,520 - WARNING - [MainThread] - Đang dọn dẹp browsers...
2025-10-17 13:58:24,561 - INFO - [MainThread] - Đang kiểm tra key live...
2025-10-17 13:58:25,132 - INFO - [MainThread] - ✅ Key live - Cho phép chạy chương trình.
2025-10-17 13:58:25,148 - INFO - [MainThread] - Đang kiểm tra và chuẩn bị browsers...
2025-10-17 13:58:25,579 - INFO - [MainThread] - ✅ Đã cài đặt browsers thành công
2025-10-17 13:58:25,579 - INFO - [MainThread] - Đã tải 2 tài khoản và 1 proxy
2025-10-17 13:58:28,120 - INFO - [Luồng-1] - Bắt đầu kiểm tra tài khoản: ohana_0827@yahoo.co.jp
2025-10-17 13:58:28,676 - INFO - [Luồng-2] - Bắt đầu kiểm tra tài khoản: sinmayazaki@yahoo.co.jp
2025-10-17 13:58:57,196 - INFO - [Luồng-2] - Hoàn tất xử lý tài khoản: sinmayazaki@yahoo.co.jp
2025-10-17 13:58:59,080 - INFO - [Luồng-1] - Hoàn tất xử lý tài khoản: ohana_0827@yahoo.co.jp
2025-10-17 13:58:59,150 - INFO - [MainThread] - Đã xử lý xong tất cả tài khoản.
2025-10-17 13:58:59,150 - INFO - [MainThread] - ✅ Đăng ký thành công: 2
2025-10-17 13:58:59,150 - INFO - [MainThread] - ❌ Đăng ký thất bại: 0
2025-10-17 13:58:59,151 - INFO - [MainThread] - Đã dọn dẹp dữ liệu người dùng thành công.
2025-10-17 13:58:59,151 - INFO - [MainThread] - Chương trình hoàn tất. Thoát sau 5 giây...
2025-10-17 13:59:04,152 - WARNING - [MainThread] - Đang dọn dẹp browsers...
2025-10-17 13:59:04,152 - WARNING - [MainThread] - Đang dọn dẹp browsers...
2025-10-17 14:00:46,558 - INFO - [MainThread] - Đang kiểm tra key live...
2025-10-17 14:00:47,156 - INFO - [MainThread] - ✅ Key live - Cho phép chạy chương trình.
2025-10-17 14:00:47,167 - INFO - [MainThread] - Đang kiểm tra và chuẩn bị browsers...
2025-10-17 14:00:47,613 - INFO - [MainThread] - ✅ Đã cài đặt browsers thành công
2025-10-17 14:00:47,613 - INFO - [MainThread] - Đã tải 2 tài khoản và 1 proxy
2025-10-17 14:00:50,929 - INFO - [Luồng-1] - Bắt đầu kiểm tra tài khoản: ohana_0827@yahoo.co.jp
2025-10-17 14:00:51,459 - INFO - [Luồng-2] - Bắt đầu kiểm tra tài khoản: sinmayazaki@yahoo.co.jp
2025-10-17 14:01:31,151 - INFO - [Luồng-2] - Hoàn tất xử lý tài khoản: sinmayazaki@yahoo.co.jp
2025-10-17 14:01:47,342 - INFO - [Luồng-1] - Hoàn tất xử lý tài khoản: ohana_0827@yahoo.co.jp
2025-10-17 14:01:47,389 - INFO - [MainThread] - Đã xử lý xong tất cả tài khoản.
2025-10-17 14:01:47,389 - INFO - [MainThread] - ✅ Đăng ký thành công: 2
2025-10-17 14:01:47,389 - INFO - [MainThread] - ❌ Đăng ký thất bại: 0
2025-10-17 14:01:47,405 - INFO - [MainThread] - Đã dọn dẹp dữ liệu người dùng thành công.
2025-10-17 14:01:47,405 - INFO - [MainThread] - Chương trình hoàn tất. Thoát sau 5 giây...
2025-10-17 14:01:52,406 - WARNING - [MainThread] - Đang dọn dẹp browsers...
2025-10-17 14:01:52,406 - WARNING - [MainThread] - Đang dọn dẹp browsers...
2025-10-17 14:02:04,985 - INFO - [MainThread] - Đang kiểm tra key live...
2025-10-17 14:02:05,398 - INFO - [MainThread] - ✅ Key live - Cho phép chạy chương trình.
2025-10-17 14:02:05,398 - INFO - [MainThread] - Đang kiểm tra và chuẩn bị browsers...
2025-10-17 14:02:05,846 - INFO - [MainThread] - ✅ Đã cài đặt browsers thành công
2025-10-17 14:02:05,846 - INFO - [MainThread] - Đã tải 2 tài khoản và 1 proxy
2025-10-17 14:02:09,931 - INFO - [Luồng-1] - Bắt đầu kiểm tra tài khoản: ohana_0827@yahoo.co.jp
2025-10-17 14:02:10,526 - INFO - [Luồng-2] - Bắt đầu kiểm tra tài khoản: sinmayazaki@yahoo.co.jp
2025-10-17 14:02:44,869 - INFO - [Luồng-1] - Hoàn tất xử lý tài khoản: ohana_0827@yahoo.co.jp
2025-10-17 14:02:48,223 - INFO - [Luồng-2] - Hoàn tất xử lý tài khoản: sinmayazaki@yahoo.co.jp
2025-10-17 14:02:48,312 - INFO - [MainThread] - Đã xử lý xong tất cả tài khoản.
2025-10-17 14:02:48,312 - INFO - [MainThread] - ✅ Đăng ký thành công: 2
2025-10-17 14:02:48,312 - INFO - [MainThread] - ❌ Đăng ký thất bại: 0
2025-10-17 14:02:48,317 - INFO - [MainThread] - Đã dọn dẹp dữ liệu người dùng thành công.
2025-10-17 14:02:48,318 - INFO - [MainThread] - Chương trình hoàn tất. Thoát sau 5 giây...
2025-10-17 14:02:53,319 - WARNING - [MainThread] - Đang dọn dẹp browsers...
2025-10-17 14:02:53,319 - WARNING - [MainThread] - Đang dọn dẹp browsers...
2025-10-17 14:04:59,907 - INFO - [MainThread] - Đang kiểm tra key live...
2025-10-17 14:05:00,339 - INFO - [MainThread] - ✅ Key live - Cho phép chạy chương trình.
2025-10-17 14:05:00,339 - INFO - [MainThread] - Đang kiểm tra và chuẩn bị browsers...
2025-10-17 14:05:00,887 - INFO - [MainThread] - ✅ Đã cài đặt browsers thành công
2025-10-17 14:05:00,887 - INFO - [MainThread] - Đã tải 2 tài khoản và 1 proxy
2025-10-17 14:05:03,886 - INFO - [Luồng-1] - Bắt đầu kiểm tra tài khoản: ohana_0827@yahoo.co.jp
2025-10-17 14:05:04,409 - INFO - [Luồng-2] - Bắt đầu kiểm tra tài khoản: sinmayazaki@yahoo.co.jp
2025-10-17 14:05:37,798 - INFO - [Luồng-2] - Hoàn tất xử lý tài khoản: sinmayazaki@yahoo.co.jp
2025-10-17 14:05:59,348 - INFO - [Luồng-1] - Hoàn tất xử lý tài khoản: ohana_0827@yahoo.co.jp
2025-10-17 14:05:59,417 - INFO - [MainThread] - Đã xử lý xong tất cả tài khoản.
2025-10-17 14:05:59,417 - INFO - [MainThread] - ✅ Đăng ký thành công: 2
2025-10-17 14:05:59,418 - INFO - [MainThread] - ❌ Đăng ký thất bại: 0
2025-10-17 14:05:59,419 - INFO - [MainThread] - Đã dọn dẹp dữ liệu người dùng thành công.
2025-10-17 14:05:59,419 - INFO - [MainThread] - Chương trình hoàn tất. Thoát sau 5 giây...
2025-10-17 14:06:04,419 - WARNING - [MainThread] - Đang dọn dẹp browsers...
2025-10-17 14:06:04,419 - WARNING - [MainThread] - Đang dọn dẹp browsers...
2025-10-17 14:08:59,884 - INFO - [MainThread] - Đang kiểm tra key live...
2025-10-17 14:09:00,500 - INFO - [MainThread] - ✅ Key live - Cho phép chạy chương trình.
2025-10-17 14:09:00,500 - INFO - [MainThread] - Đang kiểm tra và chuẩn bị browsers...
2025-10-17 14:09:00,933 - INFO - [MainThread] - ✅ Đã cài đặt browsers thành công
2025-10-17 14:09:00,933 - INFO - [MainThread] - Đã tải 5 tài khoản và 1 proxy
2025-10-17 14:09:02,815 - INFO - [Luồng-1] - Bắt đầu kiểm tra tài khoản: kango_n@yahoo.co.jp
2025-10-17 14:09:03,367 - INFO - [Luồng-2] - Bắt đầu kiểm tra tài khoản: dakutosg@yahoo.co.jp
2025-10-17 14:09:03,901 - INFO - [Luồng-3] - Bắt đầu kiểm tra tài khoản: tmyu417@yahoo.co.jp
2025-10-17 14:09:04,444 - INFO - [Luồng-4] - Bắt đầu kiểm tra tài khoản: ohana_0827@yahoo.co.jp
2025-10-17 14:09:05,004 - INFO - [Luồng-5] - Bắt đầu kiểm tra tài khoản: sinmayazaki@yahoo.co.jp
2025-10-17 14:09:24,676 - WARNING - [Luồng-1] - Đăng nhập thất bại cho kango_n@yahoo.co.jp: Acc Die
2025-10-17 14:09:24,677 - WARNING - [Luồng-1] - Đăng nhập thất bại cho kango_n@yahoo.co.jp: Acc Die
2025-10-17 14:09:24,678 - INFO - [Luồng-1] - Hoàn tất xử lý tài khoản: kango_n@yahoo.co.jp
2025-10-17 14:09:29,473 - WARNING - [Luồng-2] - Đăng nhập thất bại cho dakutosg@yahoo.co.jp: Acc Die
2025-10-17 14:09:29,473 - WARNING - [Luồng-2] - Đăng nhập thất bại cho dakutosg@yahoo.co.jp: Acc Die
2025-10-17 14:09:29,475 - INFO - [Luồng-2] - Hoàn tất xử lý tài khoản: dakutosg@yahoo.co.jp
2025-10-17 14:09:31,213 - INFO - [Luồng-4] - Hoàn tất xử lý tài khoản: ohana_0827@yahoo.co.jp
2025-10-17 14:09:34,959 - WARNING - [Luồng-3] - Đăng nhập thất bại cho tmyu417@yahoo.co.jp: Acc Die
2025-10-17 14:09:34,959 - WARNING - [Luồng-3] - Đăng nhập thất bại cho tmyu417@yahoo.co.jp: Acc Die
2025-10-17 14:09:34,961 - INFO - [Luồng-3] - Hoàn tất xử lý tài khoản: tmyu417@yahoo.co.jp
2025-10-17 14:09:38,246 - INFO - [Luồng-5] - Hoàn tất xử lý tài khoản: sinmayazaki@yahoo.co.jp
2025-10-17 14:09:38,301 - INFO - [MainThread] - Đã xử lý xong tất cả tài khoản.
2025-10-17 14:09:38,301 - INFO - [MainThread] - ✅ Đăng ký thành công: 2
2025-10-17 14:09:38,301 - INFO - [MainThread] - ❌ Đăng ký thất bại: 3
2025-10-17 14:09:38,302 - INFO - [MainThread] - Đã dọn dẹp dữ liệu người dùng thành công.
2025-10-17 14:09:38,302 - INFO - [MainThread] - Chương trình hoàn tất. Thoát sau 5 giây...
2025-10-17 14:09:43,303 - WARNING - [MainThread] - Đang dọn dẹp browsers...
2025-10-17 14:09:43,303 - WARNING - [MainThread] - Đang dọn dẹp browsers...
2025-10-17 14:10:20,083 - INFO - [MainThread] - Đang kiểm tra key live...
2025-10-17 14:10:20,547 - INFO - [MainThread] - ✅ Key live - Cho phép chạy chương trình.
2025-10-17 14:10:20,548 - INFO - [MainThread] - Đang kiểm tra và chuẩn bị browsers...
2025-10-17 14:10:21,199 - INFO - [MainThread] - ✅ Đã cài đặt browsers thành công
2025-10-17 14:10:21,200 - INFO - [MainThread] - Đã tải 5 tài khoản và 1 proxy
2025-10-17 14:10:57,786 - INFO - [Luồng-1] - Bắt đầu kiểm tra tài khoản: ohana_0827@yahoo.co.jp
2025-10-17 14:10:58,295 - INFO - [Luồng-2] - Bắt đầu kiểm tra tài khoản: sinmayazaki@yahoo.co.jp
2025-10-17 14:10:58,822 - INFO - [Luồng-3] - Bắt đầu kiểm tra tài khoản: kango_n@yahoo.co.jp
2025-10-17 14:10:59,347 - INFO - [Luồng-4] - Bắt đầu kiểm tra tài khoản: dakutosg@yahoo.co.jp
2025-10-17 14:10:59,874 - INFO - [Luồng-5] - Bắt đầu kiểm tra tài khoản: tmyu417@yahoo.co.jp
2025-10-17 14:11:17,507 - WARNING - [Luồng-4] - Đăng nhập thất bại cho dakutosg@yahoo.co.jp: Acc Die
2025-10-17 14:11:17,507 - WARNING - [Luồng-4] - Đăng nhập thất bại cho dakutosg@yahoo.co.jp: Acc Die
2025-10-17 14:11:17,509 - INFO - [Luồng-4] - Hoàn tất xử lý tài khoản: dakutosg@yahoo.co.jp
2025-10-17 14:11:19,710 - WARNING - [Luồng-3] - Đăng nhập thất bại cho kango_n@yahoo.co.jp: Acc Die
2025-10-17 14:11:19,710 - WARNING - [Luồng-3] - Đăng nhập thất bại cho kango_n@yahoo.co.jp: Acc Die
2025-10-17 14:11:19,711 - INFO - [Luồng-3] - Hoàn tất xử lý tài khoản: kango_n@yahoo.co.jp
2025-10-17 14:11:25,263 - INFO - [Luồng-2] - Hoàn tất xử lý tài khoản: sinmayazaki@yahoo.co.jp
2025-10-17 14:11:25,370 - INFO - [Luồng-1] - Hoàn tất xử lý tài khoản: ohana_0827@yahoo.co.jp
2025-10-17 14:11:25,954 - WARNING - [Luồng-5] - Đăng nhập thất bại cho tmyu417@yahoo.co.jp: Acc Die
2025-10-17 14:11:25,955 - WARNING - [Luồng-5] - Đăng nhập thất bại cho tmyu417@yahoo.co.jp: Acc Die
2025-10-17 14:11:25,957 - INFO - [Luồng-5] - Hoàn tất xử lý tài khoản: tmyu417@yahoo.co.jp
2025-10-17 14:11:26,018 - INFO - [MainThread] - Đã xử lý xong tất cả tài khoản.
2025-10-17 14:11:26,018 - INFO - [MainThread] - ✅ Đăng ký thành công: 2
2025-10-17 14:11:26,018 - INFO - [MainThread] - ❌ Đăng ký thất bại: 3
2025-10-17 14:11:26,019 - INFO - [MainThread] - Đã dọn dẹp dữ liệu người dùng thành công.
2025-10-17 14:11:26,019 - INFO - [MainThread] - Chương trình hoàn tất. Thoát sau 5 giây...
2025-10-17 14:11:31,019 - WARNING - [MainThread] - Đang dọn dẹp browsers...
2025-10-17 14:11:31,020 - WARNING - [MainThread] - Đang dọn dẹp browsers...
2025-10-17 14:27:19,483 - INFO - [MainThread] - Đang kiểm tra key live...
2025-10-17 14:27:20,170 - INFO - [MainThread] - ✅ Key live - Cho phép chạy chương trình.
2025-10-17 14:27:20,170 - INFO - [MainThread] - Đang kiểm tra và chuẩn bị browsers...
2025-10-17 14:27:20,671 - INFO - [MainThread] - ✅ Đã cài đặt browsers thành công
2025-10-17 14:27:20,671 - INFO - [MainThread] - Đã tải 5 tài khoản và 1 proxy
2025-10-17 14:27:23,727 - INFO - [Luồng-1] - Bắt đầu kiểm tra tài khoản: ohana_0827@yahoo.co.jp
2025-10-17 14:28:13,576 - ERROR - [Luồng-1] - Không tìm thấy ô password. Bắt đầu thu thập bằng chứng...
2025-10-17 14:28:13,708 - INFO - [Luồng-1] - Đã lưu ảnh chụp màn hình lỗi tại: debug_screenshot_20251017_142813.png
2025-10-17 14:28:13,717 - INFO - [Luồng-1] - Đã lưu mã HTML của trang lỗi tại: debug_page_20251017_142813.html
2025-10-17 14:28:13,717 - WARNING - [Luồng-1] - Đăng nhập thất bại cho ohana_0827@yahoo.co.jp: Acc Die
2025-10-17 14:28:13,717 - INFO - [Luồng-1] - Hoàn tất xử lý tài khoản: ohana_0827@yahoo.co.jp
2025-10-17 14:28:14,322 - INFO - [Luồng-1] - Bắt đầu kiểm tra tài khoản: sinmayazaki@yahoo.co.jp
2025-10-17 14:28:30,286 - ERROR - [Luồng-1] - Không tìm thấy ô password. Bắt đầu thu thập bằng chứng...
2025-10-17 14:28:30,286 - ERROR - [Luồng-1] - ❌ Lỗi trong quá trình kiểm tra cho sinmayazaki@yahoo.co.jp: TargetClosedError('Page.screenshot: Target page, context or browser has been closed')
2025-10-17 14:28:30,297 - WARNING - [Luồng-1] - Đăng nhập thất bại cho sinmayazaki@yahoo.co.jp: Acc Die
2025-10-17 14:28:30,298 - INFO - [Luồng-1] - Hoàn tất xử lý tài khoản: sinmayazaki@yahoo.co.jp
2025-10-17 14:28:30,537 - ERROR - [Luồng-1] - Lỗi khởi tạo Playwright: 'PlaywrightContextManager' object has no attribute '_playwright'
2025-10-17 14:28:30,986 - INFO - [Luồng-1] - ✅ Đã cài đặt browsers thành công
2025-10-17 14:28:31,327 - ERROR - [Luồng-1] - Task exception was never retrieved
future: <Task finished name='Task-44' coro=<Connection.run.<locals>.init() done, defined at D:\me\auto\check-login-rakuten\.venv\Lib\site-packages\playwright\_impl\_connection.py:307> exception=Exception('Connection.init: Connection closed while reading from the driver')>
Traceback (most recent call last):
  File "D:\me\auto\check-login-rakuten\.venv\Lib\site-packages\playwright\_impl\_connection.py", line 308, in init
    self.playwright_future.set_result(await self._root_object.initialize())
                                      ^^^^^^^^^^^^^^^^^^^^^^^^^^^^^^^^^^^^
  File "D:\me\auto\check-login-rakuten\.venv\Lib\site-packages\playwright\_impl\_connection.py", line 249, in initialize
    await self._channel.send(
  File "D:\me\auto\check-login-rakuten\.venv\Lib\site-packages\playwright\_impl\_connection.py", line 69, in send
    return await self._connection.wrap_api_call(
           ^^^^^^^^^^^^^^^^^^^^^^^^^^^^^^^^^^^^^
  File "D:\me\auto\check-login-rakuten\.venv\Lib\site-packages\playwright\_impl\_connection.py", line 558, in wrap_api_call
    raise rewrite_error(error, f"{parsed_st['apiName']}: {error}") from None
Exception: Connection.init: Connection closed while reading from the driver
2025-10-17 14:28:31,508 - INFO - [Luồng-1] - Bắt đầu kiểm tra tài khoản: kango_n@yahoo.co.jp
2025-10-17 14:30:42,716 - INFO - [MainThread] - Đang kiểm tra key live...
2025-10-17 14:30:43,106 - INFO - [MainThread] - ✅ Key live - Cho phép chạy chương trình.
2025-10-17 14:30:43,106 - INFO - [MainThread] - Đang kiểm tra và chuẩn bị browsers...
2025-10-17 14:30:43,538 - INFO - [MainThread] - ✅ Đã cài đặt browsers thành công
2025-10-17 14:30:43,538 - INFO - [MainThread] - Đã tải 1 tài khoản và 1 proxy
2025-10-17 14:30:43,538 - INFO - [MainThread] - Đã dọn dẹp dữ liệu người dùng thành công.
2025-10-17 14:30:45,813 - INFO - [Luồng-1] - Bắt đầu kiểm tra tài khoản: ohana_0827@yahoo.co.jp
2025-10-17 14:31:28,449 - ERROR - [Luồng-1] - Không tìm thấy ô password. Bắt đầu thu thập bằng chứng...
2025-10-17 14:31:28,570 - INFO - [Luồng-1] - Đã lưu ảnh chụp màn hình lỗi tại: debug_output\debug_screenshot_20251017_143128.png
2025-10-17 14:31:28,576 - INFO - [Luồng-1] - Đã lưu mã HTML của trang lỗi tại: debug_output\debug_page_20251017_143128.html
2025-10-17 14:31:28,576 - WARNING - [Luồng-1] - Đăng nhập thất bại cho ohana_0827@yahoo.co.jp: Acc Die
2025-10-17 14:31:28,577 - INFO - [Luồng-1] - Hoàn tất xử lý tài khoản: ohana_0827@yahoo.co.jp
2025-10-17 14:31:28,621 - INFO - [MainThread] - Đã xử lý xong tất cả tài khoản.
2025-10-17 14:31:28,621 - INFO - [MainThread] - ✅ Đăng ký thành công: 0
2025-10-17 14:31:28,621 - INFO - [MainThread] - ❌ Đăng ký thất bại: 1
2025-10-17 14:31:28,627 - INFO - [MainThread] - Đã dọn dẹp dữ liệu người dùng thành công.
2025-10-17 14:31:28,627 - INFO - [MainThread] - Chương trình hoàn tất. Thoát sau 5 giây...
2025-10-17 14:31:33,628 - WARNING - [MainThread] - Đang dọn dẹp browsers...
2025-10-17 14:31:33,628 - WARNING - [MainThread] - Đang dọn dẹp browsers...
2025-10-21 09:57:09,890 - INFO - [MainThread] - Đang kiểm tra key live...
2025-10-21 09:57:10,676 - INFO - [MainThread] - ✅ Key live - Cho phép chạy chương trình.
2025-10-21 09:57:10,677 - INFO - [MainThread] - Đang kiểm tra và chuẩn bị browsers...
2025-10-21 09:57:12,054 - INFO - [MainThread] - ✅ Đã cài đặt browsers thành công
2025-10-21 09:57:12,055 - INFO - [MainThread] - Đã tải 1 tài khoản và 1 proxy
2025-10-21 09:57:18,069 - INFO - [Luồng-1] - Bắt đầu kiểm tra tài khoản: ohana_0827@yahoo.co.jp
2025-10-21 09:57:34,066 - ERROR - [Luồng-1] - Không tìm thấy ô password. Bắt đầu thu thập bằng chứng...
2025-10-21 09:57:34,246 - ERROR - [Luồng-1] - ❌ Lỗi trong quá trình kiểm tra cho ohana_0827@yahoo.co.jp: TargetClosedError('Page.screenshot: Target page, context or browser has been closed')
2025-10-21 09:57:34,250 - WARNING - [Luồng-1] - Đăng nhập thất bại cho ohana_0827@yahoo.co.jp: Acc Die
2025-10-21 09:57:34,252 - INFO - [Luồng-1] - Hoàn tất xử lý tài khoản: ohana_0827@yahoo.co.jp
2025-10-21 09:57:34,655 - INFO - [MainThread] - Đã xử lý xong tất cả tài khoản.
2025-10-21 09:57:34,655 - INFO - [MainThread] - ✅ Đăng ký thành công: 0
2025-10-21 09:57:34,656 - INFO - [MainThread] - ❌ Đăng ký thất bại: 1
2025-10-21 09:57:34,658 - INFO - [MainThread] - Đã dọn dẹp dữ liệu người dùng thành công.
2025-10-21 09:57:34,658 - INFO - [MainThread] - Chương trình hoàn tất. Thoát sau 5 giây...
2025-10-21 10:00:24,737 - INFO - [MainThread] - Đang kiểm tra key live...
2025-10-21 10:00:25,153 - INFO - [MainThread] - ✅ Key live - Cho phép chạy chương trình.
2025-10-21 10:00:25,154 - INFO - [MainThread] - Đang kiểm tra và chuẩn bị browsers...
2025-10-21 10:00:25,965 - INFO - [MainThread] - ✅ Đã cài đặt browsers thành công
2025-10-21 10:00:25,965 - ERROR - [MainThread] - Không tìm thấy tài khoản hợp lệ trong accounts.txt
2025-10-21 10:00:25,966 - ERROR - [MainThread] - Lỗi khi tải file đầu vào: ValueError('Không có tài khoản để xử lý')
2025-10-21 10:00:25,967 - ERROR - [MainThread] - Lỗi trong hàm main: ValueError('Không có tài khoản để xử lý')
2025-10-21 10:00:25,967 - WARNING - [MainThread] - Đang dọn dẹp browsers...
2025-10-21 10:00:25,968 - WARNING - [MainThread] - Đang dọn dẹp browsers...
2025-10-29 15:49:08,663 - INFO - [MainThread] - Đang kiểm tra key live...
2025-10-29 15:49:09,234 - INFO - [MainThread] - ✅ Key live - Cho phép chạy chương trình.
2025-10-29 15:49:09,239 - INFO - [MainThread] - Đã tải 1 tài khoản và 1 proxy
2025-10-29 15:49:43,890 - ERROR - [MainThread] - Lỗi trong hàm main: TypeError('cleanup_browsers() takes 0 positional arguments but 2 were given')
2025-10-29 15:49:43,892 - WARNING - [MainThread] - Đang dọn dẹp browsers...
2025-10-29 15:49:43,894 - WARNING - [MainThread] - Đang dọn dẹp browsers...
2025-10-29 15:49:45,857 - INFO - [MainThread] - Đang kiểm tra key live...
2025-10-29 15:49:46,144 - INFO - [MainThread] - ✅ Key live - Cho phép chạy chương trình.
2025-10-29 15:49:46,149 - INFO - [MainThread] - Đã tải 1 tài khoản và 1 proxy
2025-10-29 15:49:48,920 - ERROR - [Luồng-1] - Lỗi khởi tạo browser với GPM: HTTPConnectionPool(host='127.0.0.1', port=19995): Max retries exceeded with url: /api/v3/profiles/create (Caused by NewConnectionError('<urllib3.connection.HTTPConnection object at 0x0000022CF1E88E90>: Failed to establish a new connection: [WinError 10061] No connection could be made because the target machine actively refused it'))
2025-10-29 15:49:48,922 - ERROR - [Luồng-1] - Lỗi xử lý tài khoản akkossy-227@yahoo.ne.jp: UnboundLocalError("cannot access local variable 'profile_id' where it is not associated with a value")
2025-10-29 15:49:48,949 - INFO - [MainThread] - Đã xử lý xong tất cả tài khoản.
2025-10-29 15:49:48,951 - INFO - [MainThread] - ✅ Đăng ký thành công: 0
2025-10-29 15:49:48,952 - INFO - [MainThread] - ❌ Đăng ký thất bại: 1
2025-10-29 15:49:48,953 - INFO - [MainThread] - Chương trình hoàn tất. Thoát sau 5 giây...
2025-10-29 15:49:53,956 - WARNING - [MainThread] - Đang dọn dẹp browsers...
2025-10-29 15:49:53,961 - WARNING - [MainThread] - Đang dọn dẹp browsers...
2025-10-29 15:50:13,934 - INFO - [MainThread] - Đang kiểm tra key live...
2025-10-29 15:50:14,216 - INFO - [MainThread] - ✅ Key live - Cho phép chạy chương trình.
2025-10-29 15:50:14,222 - INFO - [MainThread] - Đã tải 1 tài khoản và 1 proxy
2025-10-29 15:50:15,333 - ERROR - [Luồng-1] - Không lấy được remote debugging port
2025-10-29 15:50:15,373 - ERROR - [Luồng-1] - Lỗi xử lý tài khoản akkossy-227@yahoo.ne.jp: Exception('Không thể khởi tạo browser với GPM')
2025-10-29 15:50:15,382 - INFO - [MainThread] - Đã xử lý xong tất cả tài khoản.
2025-10-29 15:50:15,383 - INFO - [MainThread] - ✅ Đăng ký thành công: 0
2025-10-29 15:50:15,383 - INFO - [MainThread] - ❌ Đăng ký thất bại: 1
2025-10-29 15:50:15,384 - INFO - [MainThread] - Chương trình hoàn tất. Thoát sau 5 giây...
2025-10-29 15:50:20,386 - WARNING - [MainThread] - Đang dọn dẹp browsers...
2025-10-29 15:50:20,388 - WARNING - [MainThread] - Đang dọn dẹp browsers...
2025-10-29 15:51:33,318 - INFO - [MainThread] - Đang kiểm tra key live...
2025-10-29 15:51:33,568 - INFO - [MainThread] - ✅ Key live - Cho phép chạy chương trình.
2025-10-29 15:51:33,584 - INFO - [MainThread] - Đã tải 1 tài khoản và 1 proxy
2025-10-29 15:51:34,445 - ERROR - [Luồng-1] - Không lấy được remote debugging port
2025-10-29 15:51:34,507 - ERROR - [Luồng-1] - Lỗi xử lý tài khoản akkossy-227@yahoo.ne.jp: Exception('Không thể khởi tạo browser với GPM')
2025-10-29 15:51:34,513 - INFO - [MainThread] - Đã xử lý xong tất cả tài khoản.
2025-10-29 15:51:34,514 - INFO - [MainThread] - ✅ Đăng ký thành công: 0
2025-10-29 15:51:34,516 - INFO - [MainThread] - ❌ Đăng ký thất bại: 1
2025-10-29 15:51:34,517 - INFO - [MainThread] - Chương trình hoàn tất. Thoát sau 5 giây...
2025-10-29 15:51:39,519 - WARNING - [MainThread] - Đang dọn dẹp browsers...
2025-10-29 15:51:39,524 - WARNING - [MainThread] - Đang dọn dẹp browsers...
2025-10-29 15:54:13,862 - INFO - [MainThread] - Đang kiểm tra key live...
2025-10-29 15:54:14,495 - INFO - [MainThread] - ✅ Key live - Cho phép chạy chương trình.
2025-10-29 15:54:14,501 - INFO - [MainThread] - Đã tải 1 tài khoản và 1 proxy
2025-10-29 15:54:16,146 - ERROR - [Luồng-1] - Không lấy được remote debugging port
2025-10-29 15:54:16,190 - ERROR - [Luồng-1] - Lỗi xử lý tài khoản akkossy-227@yahoo.ne.jp: Exception('Không thể khởi tạo browser với GPM')
2025-10-29 15:54:16,194 - INFO - [MainThread] - Đã xử lý xong tất cả tài khoản.
2025-10-29 15:54:16,194 - INFO - [MainThread] - ✅ Đăng ký thành công: 0
2025-10-29 15:54:16,194 - INFO - [MainThread] - ❌ Đăng ký thất bại: 1
2025-10-29 15:54:16,195 - INFO - [MainThread] - Chương trình hoàn tất. Thoát sau 5 giây...
2025-10-29 15:54:21,195 - WARNING - [MainThread] - Đang dọn dẹp browsers...
2025-10-29 15:54:21,198 - WARNING - [MainThread] - Đang dọn dẹp browsers...
2025-10-29 15:55:26,731 - INFO - [MainThread] - Đang kiểm tra key live...
2025-10-29 15:55:26,986 - INFO - [MainThread] - ✅ Key live - Cho phép chạy chương trình.
2025-10-29 15:55:26,990 - INFO - [MainThread] - Đã tải 1 tài khoản và 1 proxy
2025-10-29 15:56:26,823 - INFO - [MainThread] - Đang kiểm tra key live...
2025-10-29 15:56:27,060 - INFO - [MainThread] - ✅ Key live - Cho phép chạy chương trình.
2025-10-29 15:56:27,067 - INFO - [MainThread] - Đã tải 1 tài khoản và 1 proxy
2025-10-29 15:56:28,119 - ERROR - [Luồng-1] - Không lấy được remote debugging port
2025-10-29 15:56:28,193 - ERROR - [Luồng-1] - Lỗi xử lý tài khoản akkossy-227@yahoo.ne.jp: Exception('Không thể khởi tạo browser với GPM')
2025-10-29 15:56:28,203 - INFO - [MainThread] - Đã xử lý xong tất cả tài khoản.
2025-10-29 15:56:28,204 - INFO - [MainThread] - ✅ Đăng ký thành công: 0
2025-10-29 15:56:28,205 - INFO - [MainThread] - ❌ Đăng ký thất bại: 1
2025-10-29 15:56:28,206 - INFO - [MainThread] - Chương trình hoàn tất. Thoát sau 5 giây...
2025-10-29 15:56:33,207 - WARNING - [MainThread] - Đang dọn dẹp browsers...
2025-10-29 15:56:33,209 - WARNING - [MainThread] - Đang dọn dẹp browsers...
2025-10-29 15:57:02,957 - INFO - [MainThread] - Đang kiểm tra key live...
2025-10-29 15:57:03,209 - INFO - [MainThread] - ✅ Key live - Cho phép chạy chương trình.
2025-10-29 15:57:03,214 - INFO - [MainThread] - Đã tải 1 tài khoản và 1 proxy
2025-10-29 15:57:04,160 - ERROR - [Luồng-1] - Không lấy được remote debugging port
2025-10-29 15:57:04,198 - ERROR - [Luồng-1] - Lỗi xử lý tài khoản akkossy-227@yahoo.ne.jp: Exception('Không thể khởi tạo browser với GPM')
2025-10-29 15:57:04,202 - INFO - [MainThread] - Đã xử lý xong tất cả tài khoản.
2025-10-29 15:57:04,203 - INFO - [MainThread] - ✅ Đăng ký thành công: 0
2025-10-29 15:57:04,204 - INFO - [MainThread] - ❌ Đăng ký thất bại: 1
2025-10-29 15:57:04,205 - INFO - [MainThread] - Chương trình hoàn tất. Thoát sau 5 giây...
2025-10-29 15:57:09,206 - WARNING - [MainThread] - Đang dọn dẹp browsers...
2025-10-29 15:57:09,210 - WARNING - [MainThread] - Đang dọn dẹp browsers...
2025-10-29 15:58:07,996 - INFO - [MainThread] - Đang kiểm tra key live...
2025-10-29 15:58:08,274 - INFO - [MainThread] - ✅ Key live - Cho phép chạy chương trình.
2025-10-29 15:58:08,278 - INFO - [MainThread] - Đã tải 1 tài khoản và 1 proxy
2025-10-29 15:58:09,290 - INFO - [Luồng-1] - Đã khởi động profile ID: 742e18e4-e80d-491c-a4f8-13a7d86a4acc cho akkossy-227@yahoo.ne.jp: profile_data={'profile_id': '742e18e4-e80d-491c-a4f8-13a7d86a4acc', 'browser_location': 'C:\\Users\\sang2.nguyen\\AppData\\Local\\Programs\\GPMLogin\\gpm_browser\\gpm_browser_chromium_core_139\\chrome.exe', 'remote_debugging_address': '127.0.0.1:56868', 'driver_path': 'C:\\Users\\sang2.nguyen\\AppData\\Local\\Programs\\GPMLogin\\gpm_browser\\gpm_browser_chromium_core_139\\gpmdriver.exe', 'process_id': 6472}
2025-10-29 16:00:31,950 - INFO - [MainThread] - ====== WebDriver manager ======
2025-10-29 16:00:33,309 - INFO - [MainThread] - Driver [C:\Users\sang2.nguyen\.wdm\drivers\chromedriver\win64\139.0.7258.139\chromedriver-win32/chromedriver.exe] found in cache
2025-10-29 16:00:33,315 - INFO - [MainThread] - Đang kiểm tra key live...
2025-10-29 16:00:34,389 - INFO - [MainThread] - ✅ Key live - Cho phép chạy chương trình.
2025-10-29 16:00:34,396 - INFO - [MainThread] - Đã tải 1 tài khoản và 1 proxy
2025-10-29 16:00:36,105 - INFO - [Luồng-1] - Đã khởi động profile ID: ce6f822a-0a23-43a1-a066-7b4278a47b75 cho akkossy-227@yahoo.ne.jp: profile_data={'profile_id': 'ce6f822a-0a23-43a1-a066-7b4278a47b75', 'browser_location': 'C:\\Users\\sang2.nguyen\\AppData\\Local\\Programs\\GPMLogin\\gpm_browser\\gpm_browser_chromium_core_139\\chrome.exe', 'remote_debugging_address': '127.0.0.1:56992', 'driver_path': 'C:\\Users\\sang2.nguyen\\AppData\\Local\\Programs\\GPMLogin\\gpm_browser\\gpm_browser_chromium_core_139\\gpmdriver.exe', 'process_id': 22952}
2025-10-29 16:00:51,418 - INFO - [MainThread] - ====== WebDriver manager ======
2025-10-29 16:00:52,869 - INFO - [MainThread] - Driver [C:\Users\sang2.nguyen\.wdm\drivers\chromedriver\win64\139.0.7258.139\chromedriver-win32/chromedriver.exe] found in cache
2025-10-29 16:00:52,871 - INFO - [MainThread] - Đang kiểm tra key live...
2025-10-29 16:00:53,127 - INFO - [MainThread] - ✅ Key live - Cho phép chạy chương trình.
2025-10-29 16:00:53,133 - INFO - [MainThread] - Đã tải 1 tài khoản và 1 proxy
2025-10-29 16:00:54,336 - ERROR - [Luồng-1] - Lỗi khởi tạo browser với GPM: Message: Unable to obtain driver for chrome; For documentation on this error, please visit: https://www.selenium.dev/documentation/webdriver/troubleshooting/errors/driver_location

2025-10-29 16:00:54,365 - ERROR - [Luồng-1] - Lỗi xử lý tài khoản akkossy-227@yahoo.ne.jp: Exception('Không thể khởi tạo browser với GPM')
2025-10-29 16:00:54,366 - INFO - [MainThread] - Đã xử lý xong tất cả tài khoản.
2025-10-29 16:00:54,366 - INFO - [MainThread] - ✅ Đăng ký thành công: 0
2025-10-29 16:00:54,366 - INFO - [MainThread] - ❌ Đăng ký thất bại: 1
2025-10-29 16:00:54,366 - INFO - [MainThread] - Chương trình hoàn tất. Thoát sau 5 giây...
2025-10-29 16:00:59,368 - WARNING - [MainThread] - Đang dọn dẹp browsers...
2025-10-29 16:00:59,370 - WARNING - [MainThread] - Đang dọn dẹp browsers...
2025-10-29 16:01:41,469 - INFO - [MainThread] - Đang kiểm tra key live...
2025-10-29 16:01:41,731 - INFO - [MainThread] - ✅ Key live - Cho phép chạy chương trình.
2025-10-29 16:01:41,736 - INFO - [MainThread] - Đã tải 1 tài khoản và 1 proxy
2025-10-29 16:01:42,823 - INFO - [Luồng-1] - ====== WebDriver manager ======
2025-10-29 16:01:44,367 - INFO - [Luồng-1] - Driver [C:\Users\sang2.nguyen\.wdm\drivers\chromedriver\win64\139.0.7258.139\chromedriver-win32/chromedriver.exe] found in cache
2025-10-29 16:01:45,053 - INFO - [Luồng-1] - Bắt đầu kiểm tra tài khoản: akkossy-227@yahoo.ne.jp
2025-10-29 16:02:18,689 - INFO - [MainThread] - Đang kiểm tra key live...
2025-10-29 16:02:18,955 - INFO - [MainThread] - ✅ Key live - Cho phép chạy chương trình.
2025-10-29 16:02:18,958 - INFO - [MainThread] - Đã tải 1 tài khoản và 0 proxy
2025-10-29 16:02:19,822 - INFO - [Luồng-1] - ====== WebDriver manager ======
2025-10-29 16:02:21,301 - INFO - [Luồng-1] - Driver [C:\Users\sang2.nguyen\.wdm\drivers\chromedriver\win64\139.0.7258.139\chromedriver-win32/chromedriver.exe] found in cache
2025-10-29 16:02:21,913 - INFO - [Luồng-1] - Bắt đầu kiểm tra tài khoản: akkossy-227@yahoo.ne.jp
2025-10-29 16:02:44,096 - WARNING - [Luồng-1] - Đăng nhập thất bại cho akkossy-227@yahoo.ne.jp: Acc Die
2025-10-29 16:02:44,098 - WARNING - [Luồng-1] - Đăng nhập thất bại cho akkossy-227@yahoo.ne.jp: Acc Die
2025-10-29 16:02:44,099 - INFO - [Luồng-1] - Hoàn tất xử lý tài khoản: akkossy-227@yahoo.ne.jp
2025-10-29 16:02:46,381 - INFO - [MainThread] - Đã xử lý xong tất cả tài khoản.
2025-10-29 16:02:46,381 - INFO - [MainThread] - ✅ Đăng ký thành công: 0
2025-10-29 16:02:46,382 - INFO - [MainThread] - ❌ Đăng ký thất bại: 1
2025-10-29 16:02:46,382 - INFO - [MainThread] - Chương trình hoàn tất. Thoát sau 5 giây...
2025-10-29 16:02:51,384 - WARNING - [MainThread] - Đang dọn dẹp browsers...
2025-10-29 16:02:51,384 - WARNING - [MainThread] - Đang dọn dẹp browsers...
2025-10-29 16:05:30,422 - INFO - [MainThread] - Đang kiểm tra key live...
2025-10-29 16:05:30,682 - INFO - [MainThread] - ✅ Key live - Cho phép chạy chương trình.
2025-10-29 16:05:30,687 - INFO - [MainThread] - Đã tải 1 tài khoản và 0 proxy
2025-10-29 16:05:31,893 - INFO - [Luồng-1] - ====== WebDriver manager ======
2025-10-29 16:05:33,379 - INFO - [Luồng-1] - Driver [C:\Users\sang2.nguyen\.wdm\drivers\chromedriver\win64\139.0.7258.139\chromedriver-win32/chromedriver.exe] found in cache
2025-10-29 16:05:34,021 - INFO - [Luồng-1] - Bắt đầu kiểm tra tài khoản: odetteberilharold9@hotmail.com
2025-10-29 16:06:12,400 - INFO - [Luồng-1] - ✅ odetteberilharold9@hotmail.com - (Total Point: 55 | Operation: 55 | Add: 0 | Cash: 0)
2025-10-29 16:06:46,611 - INFO - [Luồng-1] - Hoàn tất xử lý tài khoản: odetteberilharold9@hotmail.com
2025-10-29 16:06:48,947 - INFO - [MainThread] - Đã xử lý xong tất cả tài khoản.
2025-10-29 16:06:48,948 - INFO - [MainThread] - ✅ Đăng ký thành công: 1
2025-10-29 16:06:48,948 - INFO - [MainThread] - ❌ Đăng ký thất bại: 0
2025-10-29 16:06:48,949 - INFO - [MainThread] - Chương trình hoàn tất. Thoát sau 5 giây...
2025-10-29 16:06:53,951 - WARNING - [MainThread] - Đang dọn dẹp browsers...
2025-10-29 16:06:53,953 - WARNING - [MainThread] - Đang dọn dẹp browsers...
2025-10-29 16:09:11,459 - INFO - [MainThread] - Đang kiểm tra key live...
2025-10-29 16:09:12,542 - INFO - [MainThread] - ✅ Key live - Cho phép chạy chương trình.
2025-10-29 16:09:12,548 - INFO - [MainThread] - Đã tải 1 tài khoản và 0 proxy
2025-10-29 16:09:13,718 - INFO - [Luồng-1] - ====== WebDriver manager ======
2025-10-29 16:09:15,375 - INFO - [Luồng-1] - Driver [C:\Users\sang2.nguyen\.wdm\drivers\chromedriver\win64\139.0.7258.139\chromedriver-win32/chromedriver.exe] found in cache
2025-10-29 16:09:16,037 - INFO - [Luồng-1] - Bắt đầu kiểm tra tài khoản: odetteberilharold9@hotmail.com
2025-10-29 16:09:40,628 - WARNING - [Luồng-1] - Đăng nhập thất bại cho odetteberilharold9@hotmail.com: Acc Die
2025-10-29 16:09:40,631 - INFO - [Luồng-1] - Hoàn tất xử lý tài khoản: odetteberilharold9@hotmail.com
2025-10-29 16:09:42,883 - INFO - [MainThread] - Đã xử lý xong tất cả tài khoản.
2025-10-29 16:09:42,884 - INFO - [MainThread] - ✅ Đăng ký thành công: 0
2025-10-29 16:09:42,884 - INFO - [MainThread] - ❌ Đăng ký thất bại: 1
2025-10-29 16:09:42,885 - INFO - [MainThread] - Chương trình hoàn tất. Thoát sau 5 giây...
2025-10-29 16:09:47,886 - WARNING - [MainThread] - Đang dọn dẹp browsers...
2025-10-29 16:09:47,887 - WARNING - [MainThread] - Đang dọn dẹp browsers...
2025-10-29 16:10:13,595 - INFO - [MainThread] - Đang kiểm tra key live...
2025-10-29 16:10:13,856 - INFO - [MainThread] - ✅ Key live - Cho phép chạy chương trình.
2025-10-29 16:10:13,860 - INFO - [MainThread] - Đã tải 1 tài khoản và 0 proxy
2025-10-29 16:10:14,859 - INFO - [Luồng-1] - ====== WebDriver manager ======
2025-10-29 16:10:16,479 - INFO - [Luồng-1] - Driver [C:\Users\sang2.nguyen\.wdm\drivers\chromedriver\win64\139.0.7258.139\chromedriver-win32/chromedriver.exe] found in cache
2025-10-29 16:10:17,093 - INFO - [Luồng-1] - Bắt đầu kiểm tra tài khoản: odetteberilharold9@hotmail.com
2025-10-29 16:10:46,542 - WARNING - [Luồng-1] - Đăng nhập thất bại cho odetteberilharold9@hotmail.com: Acc Die
2025-10-29 16:10:46,543 - INFO - [Luồng-1] - Hoàn tất xử lý tài khoản: odetteberilharold9@hotmail.com
2025-10-29 16:10:48,734 - INFO - [MainThread] - Đã xử lý xong tất cả tài khoản.
2025-10-29 16:10:48,734 - INFO - [MainThread] - ✅ Đăng ký thành công: 0
2025-10-29 16:10:48,735 - INFO - [MainThread] - ❌ Đăng ký thất bại: 1
2025-10-29 16:10:48,735 - INFO - [MainThread] - Chương trình hoàn tất. Thoát sau 5 giây...
2025-10-29 16:10:53,736 - WARNING - [MainThread] - Đang dọn dẹp browsers...
2025-10-29 16:10:53,738 - WARNING - [MainThread] - Đang dọn dẹp browsers...
2025-10-29 16:10:55,101 - INFO - [MainThread] - Đang kiểm tra key live...
2025-10-29 16:10:55,394 - INFO - [MainThread] - ✅ Key live - Cho phép chạy chương trình.
2025-10-29 16:10:55,400 - INFO - [MainThread] - Đã tải 1 tài khoản và 0 proxy
2025-10-29 16:10:56,451 - INFO - [Luồng-1] - ====== WebDriver manager ======
2025-10-29 16:10:57,889 - INFO - [Luồng-1] - Driver [C:\Users\sang2.nguyen\.wdm\drivers\chromedriver\win64\139.0.7258.139\chromedriver-win32/chromedriver.exe] found in cache
2025-10-29 16:10:58,537 - INFO - [Luồng-1] - Bắt đầu kiểm tra tài khoản: odetteberilharold9@hotmail.com
2025-10-29 16:11:35,392 - INFO - [Luồng-1] - ✅ odetteberilharold9@hotmail.com - (Total Point: 55 | Operation: 55 | Add: 0 | Cash: 0)
2025-10-29 16:11:55,602 - INFO - [Luồng-1] - ✅ Lấy OTP thành công: 219292
2025-10-29 16:11:59,783 - INFO - [Luồng-1] - Hoàn tất xử lý tài khoản: odetteberilharold9@hotmail.com
2025-10-29 16:12:02,218 - INFO - [MainThread] - Đã xử lý xong tất cả tài khoản.
2025-10-29 16:12:02,219 - INFO - [MainThread] - ✅ Đăng ký thành công: 1
2025-10-29 16:12:02,219 - INFO - [MainThread] - ❌ Đăng ký thất bại: 0
2025-10-29 16:12:02,220 - INFO - [MainThread] - Chương trình hoàn tất. Thoát sau 5 giây...
2025-10-29 16:12:07,221 - WARNING - [MainThread] - Đang dọn dẹp browsers...
2025-10-29 16:12:07,225 - WARNING - [MainThread] - Đang dọn dẹp browsers...
2025-10-29 16:12:48,791 - INFO - [MainThread] - Đang kiểm tra key live...
2025-10-29 16:12:49,093 - INFO - [MainThread] - ✅ Key live - Cho phép chạy chương trình.
2025-10-29 16:12:49,098 - INFO - [MainThread] - Đã tải 1 tài khoản và 0 proxy
2025-10-29 16:12:50,429 - INFO - [Luồng-1] - ====== WebDriver manager ======
2025-10-29 16:12:52,053 - INFO - [Luồng-1] - Driver [C:\Users\sang2.nguyen\.wdm\drivers\chromedriver\win64\139.0.7258.139\chromedriver-win32/chromedriver.exe] found in cache
2025-10-29 16:12:52,693 - INFO - [Luồng-1] - Bắt đầu kiểm tra tài khoản: odetteberilharold9@hotmail.com
2025-10-29 16:14:02,747 - INFO - [Luồng-1] - ✅ odetteberilharold9@hotmail.com - (Total Point: 55 | Operation: 55 | Add: 0 | Cash: 0)
2025-10-29 16:14:22,584 - INFO - [Luồng-1] - Hoàn tất xử lý tài khoản: odetteberilharold9@hotmail.com
2025-10-29 16:14:25,053 - INFO - [MainThread] - Đã xử lý xong tất cả tài khoản.
2025-10-29 16:14:25,053 - INFO - [MainThread] - ✅ Đăng ký thành công: 1
2025-10-29 16:14:25,053 - INFO - [MainThread] - ❌ Đăng ký thất bại: 0
2025-10-29 16:14:25,054 - INFO - [MainThread] - Chương trình hoàn tất. Thoát sau 5 giây...
2025-10-29 16:14:30,056 - WARNING - [MainThread] - Đang dọn dẹp browsers...
2025-10-29 16:14:30,059 - WARNING - [MainThread] - Đang dọn dẹp browsers...
2025-10-29 16:15:02,567 - INFO - [MainThread] - Đang kiểm tra key live...
2025-10-29 16:15:03,547 - INFO - [MainThread] - ✅ Key live - Cho phép chạy chương trình.
2025-10-29 16:15:03,551 - INFO - [MainThread] - Đã tải 1 tài khoản và 0 proxy
2025-10-29 16:15:42,368 - INFO - [Luồng-1] - ====== WebDriver manager ======
2025-10-29 16:15:44,959 - INFO - [Luồng-1] - Driver [C:\Users\sang2.nguyen\.wdm\drivers\chromedriver\win64\139.0.7258.139\chromedriver-win32/chromedriver.exe] found in cache
2025-10-29 16:15:45,594 - INFO - [Luồng-1] - Bắt đầu kiểm tra tài khoản: odetteberilharold9@hotmail.com
2025-10-29 16:16:25,513 - INFO - [Luồng-1] - ✅ odetteberilharold9@hotmail.com - (Total Point: 55 | Operation: 55 | Add: 0 | Cash: 0)
2025-10-29 16:16:59,105 - INFO - [Luồng-1] - ✅ Lấy OTP thành công: 667752
2025-10-29 16:17:02,637 - INFO - [Luồng-1] - Hoàn tất xử lý tài khoản: odetteberilharold9@hotmail.com
2025-10-29 16:17:05,181 - INFO - [MainThread] - Đã xử lý xong tất cả tài khoản.
2025-10-29 16:17:05,181 - INFO - [MainThread] - ✅ Đăng ký thành công: 1
2025-10-29 16:17:05,182 - INFO - [MainThread] - ❌ Đăng ký thất bại: 0
2025-10-29 16:17:05,182 - INFO - [MainThread] - Chương trình hoàn tất. Thoát sau 5 giây...
2025-10-29 16:17:10,183 - WARNING - [MainThread] - Đang dọn dẹp browsers...
2025-10-29 16:17:10,186 - WARNING - [MainThread] - Đang dọn dẹp browsers...
2025-10-29 18:36:56,268 - INFO - [MainThread] - Đang kiểm tra key live...
2025-10-29 18:36:56,497 - INFO - [MainThread] - ✅ Key live - Cho phép chạy chương trình.
2025-10-29 18:36:56,500 - INFO - [MainThread] - Đã tải 1 tài khoản và 0 proxy
2025-10-29 18:36:57,952 - INFO - [Luồng-1] - ====== WebDriver manager ======
2025-10-29 18:36:59,500 - INFO - [Luồng-1] - Driver [C:\Users\sang2.nguyen\.wdm\drivers\chromedriver\win64\139.0.7258.139\chromedriver-win32/chromedriver.exe] found in cache
2025-10-29 18:37:00,139 - INFO - [Luồng-1] - Bắt đầu kiểm tra tài khoản: odetteberilharold9@hotmail.com
2025-10-29 18:37:23,456 - WARNING - [Luồng-1] - Đăng nhập thất bại cho odetteberilharold9@hotmail.com: Acc Die
2025-10-29 18:37:23,457 - INFO - [Luồng-1] - Hoàn tất xử lý tài khoản: odetteberilharold9@hotmail.com
2025-10-29 18:37:25,626 - INFO - [MainThread] - Đã xử lý xong tất cả tài khoản.
2025-10-29 18:37:25,626 - INFO - [MainThread] - ✅ Đăng ký thành công: 0
2025-10-29 18:37:25,626 - INFO - [MainThread] - ❌ Đăng ký thất bại: 1
2025-10-29 18:37:25,627 - INFO - [MainThread] - Chương trình hoàn tất. Thoát sau 5 giây...
2025-10-29 18:37:30,628 - WARNING - [MainThread] - Đang dọn dẹp browsers...
2025-10-29 18:37:30,629 - WARNING - [MainThread] - Đang dọn dẹp browsers...
2025-10-29 19:12:39,105 - INFO - [MainThread] - Đang kiểm tra key live...
2025-10-29 19:12:39,620 - INFO - [MainThread] - ✅ Key live - Cho phép chạy chương trình.
2025-10-29 19:12:39,633 - ERROR - [MainThread] - Không tìm thấy tài khoản hợp lệ trong accounts.txt
2025-10-29 19:12:39,634 - ERROR - [MainThread] - Lỗi khi tải file đầu vào: ValueError('Không có tài khoản để xử lý')
2025-10-29 19:12:39,635 - ERROR - [MainThread] - Lỗi trong hàm main: ValueError('Không có tài khoản để xử lý')
2025-10-29 19:12:39,636 - WARNING - [MainThread] - Đang dọn dẹp browsers...
2025-10-29 19:12:39,638 - WARNING - [MainThread] - Đang dọn dẹp browsers...
2025-10-29 19:13:07,278 - INFO - [MainThread] - Đang kiểm tra key live...
2025-10-29 19:13:07,550 - INFO - [MainThread] - ✅ Key live - Cho phép chạy chương trình.
2025-10-29 19:13:07,555 - INFO - [MainThread] - Đã tải 1 tài khoản và 0 proxy
2025-10-29 19:13:08,673 - INFO - [Luồng-1] - ====== WebDriver manager ======
2025-10-29 19:13:10,153 - INFO - [Luồng-1] - Driver [C:\Users\sang2.nguyen\.wdm\drivers\chromedriver\win64\139.0.7258.139\chromedriver-win32/chromedriver.exe] found in cache
2025-10-29 19:13:10,796 - INFO - [Luồng-1] - Bắt đầu kiểm tra tài khoản: tea-drop@rose.freemail.ne.jp
2025-10-29 19:14:03,269 - INFO - [Luồng-1] - ✅ tea-drop@rose.freemail.ne.jp - (Total Point: 0 | Operation: 0 | Cash: 0)
2025-10-29 19:14:37,259 - INFO - [Luồng-1] - ✅ Lấy OTP thành công: 713019
2025-10-29 19:14:41,334 - INFO - [Luồng-1] - Hoàn tất xử lý tài khoản: tea-drop@rose.freemail.ne.jp
2025-10-29 19:14:43,855 - INFO - [MainThread] - Đã xử lý xong tất cả tài khoản.
2025-10-29 19:14:43,856 - INFO - [MainThread] - ✅ Đăng ký thành công: 1
2025-10-29 19:14:43,857 - INFO - [MainThread] - ❌ Đăng ký thất bại: 0
2025-10-29 19:14:43,858 - INFO - [MainThread] - Chương trình hoàn tất. Thoát sau 5 giây...
2025-10-29 19:14:48,860 - WARNING - [MainThread] - Đang dọn dẹp browsers...
2025-10-29 19:14:48,863 - WARNING - [MainThread] - Đang dọn dẹp browsers...
2025-10-29 19:15:44,044 - INFO - [MainThread] - Đang kiểm tra key live...
2025-10-29 19:15:44,291 - INFO - [MainThread] - ✅ Key live - Cho phép chạy chương trình.
2025-10-29 19:15:44,297 - INFO - [MainThread] - Đã tải 1 tài khoản và 1 proxy
2025-10-29 19:15:48,168 - INFO - [Luồng-1] - ====== WebDriver manager ======
2025-10-29 19:15:50,230 - INFO - [Luồng-1] - Driver [C:\Users\sang2.nguyen\.wdm\drivers\chromedriver\win64\139.0.7258.139\chromedriver-win32/chromedriver.exe] found in cache
2025-10-29 19:15:50,917 - INFO - [Luồng-1] - Bắt đầu kiểm tra tài khoản: tea-drop@rose.freemail.ne.jp
2025-10-29 19:17:02,124 - INFO - [MainThread] - Đang kiểm tra key live...
2025-10-29 19:17:02,364 - INFO - [MainThread] - ✅ Key live - Cho phép chạy chương trình.
2025-10-29 19:17:02,370 - INFO - [MainThread] - Đã tải 1 tài khoản và 1 proxy
2025-10-29 19:17:06,266 - INFO - [Luồng-1] - ====== WebDriver manager ======
2025-10-29 19:17:07,936 - INFO - [Luồng-1] - Driver [C:\Users\sang2.nguyen\.wdm\drivers\chromedriver\win64\139.0.7258.139\chromedriver-win32/chromedriver.exe] found in cache
2025-10-29 19:17:08,569 - INFO - [Luồng-1] - Bắt đầu kiểm tra tài khoản: fritzmcelroyt1885@hotmail.com
2025-10-29 19:17:57,025 - WARNING - [Luồng-1] - Đăng nhập thất bại cho fritzmcelroyt1885@hotmail.com: Acc Die
2025-10-29 19:17:57,027 - INFO - [Luồng-1] - Hoàn tất xử lý tài khoản: fritzmcelroyt1885@hotmail.com
2025-10-29 19:17:59,418 - INFO - [MainThread] - Đã xử lý xong tất cả tài khoản.
2025-10-29 19:17:59,418 - INFO - [MainThread] - ✅ Đăng ký thành công: 0
2025-10-29 19:17:59,419 - INFO - [MainThread] - ❌ Đăng ký thất bại: 1
2025-10-29 19:17:59,419 - INFO - [MainThread] - Chương trình hoàn tất. Thoát sau 5 giây...
2025-10-29 19:18:04,421 - WARNING - [MainThread] - Đang dọn dẹp browsers...
2025-10-29 19:18:04,424 - WARNING - [MainThread] - Đang dọn dẹp browsers...
2025-10-29 19:18:45,333 - INFO - [MainThread] - Đang kiểm tra key live...
2025-10-29 19:18:45,889 - INFO - [MainThread] - ✅ Key live - Cho phép chạy chương trình.
2025-10-29 19:18:45,900 - ERROR - [MainThread] - Không tìm thấy tài khoản hợp lệ trong accounts.txt
2025-10-29 19:18:45,901 - ERROR - [MainThread] - Lỗi khi tải file đầu vào: ValueError('Không có tài khoản để xử lý')
2025-10-29 19:18:45,903 - ERROR - [MainThread] - Lỗi trong hàm main: ValueError('Không có tài khoản để xử lý')
2025-10-29 19:18:45,905 - WARNING - [MainThread] - Đang dọn dẹp browsers...
2025-10-29 19:18:45,908 - WARNING - [MainThread] - Đang dọn dẹp browsers...
2025-10-29 19:18:54,786 - INFO - [MainThread] - Đang kiểm tra key live...
2025-10-29 19:18:55,062 - INFO - [MainThread] - ✅ Key live - Cho phép chạy chương trình.
2025-10-29 19:18:55,075 - INFO - [MainThread] - Đã tải 1 tài khoản và 1 proxy
2025-10-29 19:18:59,742 - INFO - [Luồng-1] - ====== WebDriver manager ======
2025-10-29 19:19:01,812 - INFO - [Luồng-1] - Driver [C:\Users\sang2.nguyen\.wdm\drivers\chromedriver\win64\139.0.7258.139\chromedriver-win32/chromedriver.exe] found in cache
2025-10-29 19:19:02,648 - INFO - [Luồng-1] - Bắt đầu kiểm tra tài khoản: tea-drop@rose.freemail.ne.jp
2025-10-29 19:19:33,743 - WARNING - [Luồng-1] - Đăng nhập thất bại cho tea-drop@rose.freemail.ne.jp: Acc Die
2025-10-29 19:19:33,749 - INFO - [Luồng-1] - Hoàn tất xử lý tài khoản: tea-drop@rose.freemail.ne.jp
2025-10-29 19:19:36,106 - INFO - [MainThread] - Đã xử lý xong tất cả tài khoản.
2025-10-29 19:19:36,107 - INFO - [MainThread] - ✅ Đăng ký thành công: 0
2025-10-29 19:19:36,107 - INFO - [MainThread] - ❌ Đăng ký thất bại: 1
2025-10-29 19:19:36,108 - INFO - [MainThread] - Chương trình hoàn tất. Thoát sau 5 giây...
2025-10-29 19:19:41,110 - WARNING - [MainThread] - Đang dọn dẹp browsers...
2025-10-29 19:19:41,112 - WARNING - [MainThread] - Đang dọn dẹp browsers...
2025-10-29 19:19:57,117 - INFO - [MainThread] - Đang kiểm tra key live...
2025-10-29 19:19:57,351 - INFO - [MainThread] - ✅ Key live - Cho phép chạy chương trình.
2025-10-29 19:19:57,355 - ERROR - [MainThread] - Không tìm thấy tài khoản hợp lệ trong accounts.txt
2025-10-29 19:19:57,356 - ERROR - [MainThread] - Lỗi khi tải file đầu vào: ValueError('Không có tài khoản để xử lý')
2025-10-29 19:19:57,357 - ERROR - [MainThread] - Lỗi trong hàm main: ValueError('Không có tài khoản để xử lý')
2025-10-29 19:19:57,357 - WARNING - [MainThread] - Đang dọn dẹp browsers...
2025-10-29 19:19:57,359 - WARNING - [MainThread] - Đang dọn dẹp browsers...
2025-10-29 19:20:03,658 - INFO - [MainThread] - Đang kiểm tra key live...
2025-10-29 19:20:04,273 - INFO - [MainThread] - ✅ Key live - Cho phép chạy chương trình.
2025-10-29 19:20:04,279 - INFO - [MainThread] - Đã tải 1 tài khoản và 1 proxy
2025-10-29 19:20:07,656 - INFO - [Luồng-1] - ====== WebDriver manager ======
2025-10-29 19:20:09,182 - INFO - [Luồng-1] - Driver [C:\Users\sang2.nguyen\.wdm\drivers\chromedriver\win64\139.0.7258.139\chromedriver-win32/chromedriver.exe] found in cache
2025-10-29 19:20:09,832 - INFO - [Luồng-1] - Bắt đầu kiểm tra tài khoản: fritzmcelroyt1885@hotmail.com
2025-10-29 19:20:58,375 - WARNING - [Luồng-1] - Đăng nhập thất bại cho fritzmcelroyt1885@hotmail.com: Acc Die
2025-10-29 19:20:58,382 - INFO - [Luồng-1] - Hoàn tất xử lý tài khoản: fritzmcelroyt1885@hotmail.com
2025-10-29 19:21:00,616 - INFO - [MainThread] - Đã xử lý xong tất cả tài khoản.
2025-10-29 19:21:00,617 - INFO - [MainThread] - ✅ Đăng ký thành công: 0
2025-10-29 19:21:00,618 - INFO - [MainThread] - ❌ Đăng ký thất bại: 1
2025-10-29 19:21:00,618 - INFO - [MainThread] - Chương trình hoàn tất. Thoát sau 5 giây...
2025-10-29 19:21:05,619 - WARNING - [MainThread] - Đang dọn dẹp browsers...
2025-10-29 19:21:05,621 - WARNING - [MainThread] - Đang dọn dẹp browsers...
2025-10-29 19:22:35,394 - INFO - [MainThread] - Đang kiểm tra key live...
2025-10-29 19:22:35,683 - INFO - [MainThread] - ✅ Key live - Cho phép chạy chương trình.
2025-10-29 19:22:35,688 - INFO - [MainThread] - Đã tải 1 tài khoản và 1 proxy
2025-10-29 19:22:39,998 - INFO - [Luồng-1] - ====== WebDriver manager ======
2025-10-29 19:22:41,649 - INFO - [Luồng-1] - Driver [C:\Users\sang2.nguyen\.wdm\drivers\chromedriver\win64\139.0.7258.139\chromedriver-win32/chromedriver.exe] found in cache
2025-10-29 19:22:42,280 - INFO - [Luồng-1] - Bắt đầu kiểm tra tài khoản: fritzmcelroyt1885@hotmail.com
2025-10-29 19:25:55,533 - INFO - [Luồng-1] - ✅ fritzmcelroyt1885@hotmail.com - (Total Point: 0 | Operation: 0 | Cash: 0)
2025-10-29 19:26:43,663 - INFO - [Luồng-1] - Hoàn tất xử lý tài khoản: fritzmcelroyt1885@hotmail.com
2025-10-29 19:26:46,092 - INFO - [MainThread] - Đã xử lý xong tất cả tài khoản.
2025-10-29 19:26:46,092 - INFO - [MainThread] - ✅ Đăng ký thành công: 1
2025-10-29 19:26:46,093 - INFO - [MainThread] - ❌ Đăng ký thất bại: 0
2025-10-29 19:26:46,093 - INFO - [MainThread] - Chương trình hoàn tất. Thoát sau 5 giây...
2025-10-29 19:26:51,094 - WARNING - [MainThread] - Đang dọn dẹp browsers...
2025-10-29 19:26:51,097 - WARNING - [MainThread] - Đang dọn dẹp browsers...
2025-10-29 19:52:39,285 - INFO - [MainThread] - ====== WebDriver manager ======
2025-10-29 19:52:40,755 - INFO - [MainThread] - Driver [C:\Users\sang2.nguyen\.wdm\drivers\chromedriver\win64\139.0.7258.139\chromedriver-win32/chromedriver.exe] found in cache
2025-10-29 19:52:40,757 - INFO - [MainThread] - Đang kiểm tra key live...
2025-10-29 19:52:41,315 - INFO - [MainThread] - ✅ Key live - Cho phép chạy chương trình.
2025-10-29 19:52:41,320 - ERROR - [MainThread] - Không tìm thấy tài khoản hợp lệ trong accounts.txt
2025-10-29 19:52:41,321 - ERROR - [MainThread] - Lỗi khi tải file đầu vào: ValueError('Không có tài khoản để xử lý')
2025-10-29 19:52:41,322 - ERROR - [MainThread] - Lỗi trong hàm main: ValueError('Không có tài khoản để xử lý')
2025-10-29 19:52:41,322 - WARNING - [MainThread] - Đang dọn dẹp browsers...
2025-10-29 19:52:41,323 - WARNING - [MainThread] - Đang dọn dẹp browsers...
2025-10-29 21:33:25,251 - INFO - [MainThread] - ====== WebDriver manager ======
2025-10-29 21:33:26,559 - INFO - [MainThread] - Driver [C:\Users\sang2.nguyen\.wdm\drivers\chromedriver\win64\139.0.7258.139\chromedriver-win32/chromedriver.exe] found in cache
2025-10-29 21:33:26,561 - INFO - [MainThread] - Đang kiểm tra key live...
2025-10-29 21:33:27,182 - INFO - [MainThread] - ✅ Key live - Cho phép chạy chương trình.
2025-10-29 21:33:27,191 - ERROR - [MainThread] - Không tìm thấy tài khoản hợp lệ trong accounts.txt
2025-10-29 21:33:27,192 - ERROR - [MainThread] - Lỗi khi tải file đầu vào: ValueError('Không có tài khoản để xử lý')
2025-10-29 21:33:27,197 - ERROR - [MainThread] - Lỗi trong hàm main: ValueError('Không có tài khoản để xử lý')
2025-10-29 21:33:27,199 - WARNING - [MainThread] - Đang dọn dẹp browsers...
2025-10-29 21:33:27,201 - WARNING - [MainThread] - Đang dọn dẹp browsers...
2025-10-29 21:33:49,568 - INFO - [MainThread] - ====== WebDriver manager ======
2025-10-29 21:33:50,985 - INFO - [MainThread] - Driver [C:\Users\sang2.nguyen\.wdm\drivers\chromedriver\win64\139.0.7258.139\chromedriver-win32/chromedriver.exe] found in cache
2025-10-29 21:33:50,987 - INFO - [MainThread] - Đang kiểm tra key live...
2025-10-29 21:33:51,393 - INFO - [MainThread] - ✅ Key live - Cho phép chạy chương trình.
2025-10-29 21:33:51,400 - INFO - [MainThread] - Đã tải 1 tài khoản và 1 proxy
2025-10-29 21:34:25,122 - INFO - [MainThread] - ====== WebDriver manager ======
2025-10-29 21:34:26,461 - INFO - [MainThread] - Driver [C:\Users\sang2.nguyen\.wdm\drivers\chromedriver\win64\139.0.7258.139\chromedriver-win32/chromedriver.exe] found in cache
2025-10-29 21:34:26,463 - INFO - [MainThread] - Đang kiểm tra key live...
2025-10-29 21:34:27,090 - INFO - [MainThread] - ✅ Key live - Cho phép chạy chương trình.
2025-10-29 21:34:27,096 - INFO - [MainThread] - Đã tải 1 tài khoản và 0 proxy
2025-10-29 21:34:27,097 - WARNING - [MainThread] - Đầu vào số luồng không hợp lệ. Đặt mặc định là 1.
2025-10-29 21:34:28,464 - INFO - [Luồng-1] - Bắt đầu kiểm tra tài khoản: rabbitkyao@yahoo.co.jp
2025-10-29 21:34:45,995 - ERROR - [Luồng-1] - Không tìm thấy ô password. Bắt đầu thu thập bằng chứng...
2025-10-29 21:34:46,000 - ERROR - [Luồng-1] - ❌ Lỗi trong quá trình kiểm tra cho rabbitkyao@yahoo.co.jp: InvalidSessionIdException()
2025-10-29 21:34:46,002 - WARNING - [Luồng-1] - Đăng nhập thất bại cho rabbitkyao@yahoo.co.jp: Acc Die
2025-10-29 21:34:46,003 - INFO - [Luồng-1] - Hoàn tất xử lý tài khoản: rabbitkyao@yahoo.co.jp
2025-10-29 22:02:07,984 - INFO - [MainThread] - Đang kiểm tra key live...
2025-10-29 22:02:08,565 - INFO - [MainThread] - ✅ Key live - Cho phép chạy chương trình.
2025-10-29 22:02:08,571 - ERROR - [MainThread] - Không tìm thấy tài khoản hợp lệ trong accounts.txt
2025-10-29 22:02:08,572 - ERROR - [MainThread] - Lỗi khi tải file đầu vào: ValueError('Không có tài khoản để xử lý')
2025-10-29 22:02:08,573 - ERROR - [MainThread] - Lỗi trong hàm main: ValueError('Không có tài khoản để xử lý')
2025-10-29 22:02:08,573 - WARNING - [MainThread] - Đang dọn dẹp browsers...
2025-10-29 22:02:08,575 - WARNING - [MainThread] - Đang dọn dẹp browsers...
2025-10-29 22:02:15,716 - INFO - [MainThread] - Đang kiểm tra key live...
2025-10-29 22:02:17,016 - INFO - [MainThread] - ✅ Key live - Cho phép chạy chương trình.
2025-10-29 22:02:17,022 - INFO - [MainThread] - Đã tải 1 tài khoản và 0 proxy
2025-10-29 22:02:20,497 - INFO - [Luồng-1] - ====== WebDriver manager ======
2025-10-29 22:02:22,463 - INFO - [Luồng-1] - Driver [C:\Users\sang2.nguyen\.wdm\drivers\chromedriver\win64\139.0.7258.139\chromedriver-win32/chromedriver.exe] found in cache
2025-10-29 22:02:23,164 - INFO - [Luồng-1] - Bắt đầu kiểm tra tài khoản: rabbitkyao@yahoo.co.jp
2025-10-29 22:02:55,529 - WARNING - [Luồng-1] - Đăng nhập thất bại cho rabbitkyao@yahoo.co.jp: Acc Die
2025-10-29 22:02:55,532 - INFO - [Luồng-1] - Hoàn tất xử lý tài khoản: rabbitkyao@yahoo.co.jp
2025-10-30 09:50:13,608 - INFO - [MainThread] - Đang kiểm tra key live...
2025-10-30 09:50:14,186 - INFO - [MainThread] - ✅ Key live - Cho phép chạy chương trình.
2025-10-30 09:50:14,188 - ERROR - [MainThread] - Không tìm thấy tài khoản hợp lệ trong accounts.txt
2025-10-30 09:50:14,188 - ERROR - [MainThread] - Lỗi khi tải file đầu vào: ValueError('Không có tài khoản để xử lý')
2025-10-30 09:50:14,188 - ERROR - [MainThread] - Lỗi trong hàm main: ValueError('Không có tài khoản để xử lý')
2025-10-30 09:50:14,188 - WARNING - [MainThread] - Đang dọn dẹp browsers...
2025-10-30 09:50:14,189 - WARNING - [MainThread] - Đang dọn dẹp browsers...
2025-10-30 09:50:33,607 - INFO - [MainThread] - Đang kiểm tra key live...
2025-10-30 09:50:33,893 - INFO - [MainThread] - ✅ Key live - Cho phép chạy chương trình.
2025-10-30 09:50:33,895 - INFO - [MainThread] - Đã tải 2 tài khoản và 0 proxy
2025-10-30 09:50:39,633 - INFO - [Luồng-1] - ====== WebDriver manager ======
2025-10-30 09:50:57,797 - INFO - [Luồng-1] - WebDriver version 139.0.7258.154 selected
2025-10-30 09:50:57,805 - INFO - [Luồng-1] - Modern chrome version https://storage.googleapis.com/chrome-for-testing-public/139.0.7258.154/win32/chromedriver-win32.zip
2025-10-30 09:50:57,806 - INFO - [Luồng-1] - About to download new driver from https://storage.googleapis.com/chrome-for-testing-public/139.0.7258.154/win32/chromedriver-win32.zip
2025-10-30 09:50:57,956 - INFO - [Luồng-1] - Driver downloading response is 200
2025-10-30 09:50:59,239 - INFO - [Luồng-1] - Driver has been saved in cache [C:\Users\sang2.nguyen\.wdm\drivers\chromedriver\win64\139.0.7258.139]
2025-10-30 09:51:00,070 - INFO - [Luồng-1] - Bắt đầu kiểm tra tài khoản: carlan@yahoo.co.in
2025-10-30 09:51:35,150 - WARNING - [Luồng-1] - Đăng nhập thất bại cho carlan@yahoo.co.in: Acc Die
2025-10-30 09:51:35,157 - INFO - [Luồng-1] - Hoàn tất xử lý tài khoản: carlan@yahoo.co.in
2025-10-30 09:53:04,393 - INFO - [MainThread] - Đang kiểm tra key live...
2025-10-30 09:53:14,696 - INFO - [MainThread] - ✅ Key live - Cho phép chạy chương trình.
2025-10-30 09:53:14,701 - INFO - [MainThread] - Đã tải 1 tài khoản và 0 proxy
2025-10-30 09:53:23,702 - INFO - [Luồng-1] - ====== WebDriver manager ======
2025-10-30 09:53:24,925 - INFO - [Luồng-1] - Driver [C:\Users\sang2.nguyen\.wdm\drivers\chromedriver\win64\139.0.7258.139\chromedriver-win32/chromedriver.exe] found in cache
2025-10-30 09:53:25,524 - INFO - [Luồng-1] - Bắt đầu kiểm tra tài khoản: ineshassan590@yandex.ru
2025-10-30 09:54:55,160 - INFO - [Luồng-1] - ✅ ineshassan590@yandex.ru - (Total Point: 0 | Operation: 0 | Cash: 0)
2025-10-30 09:54:55,168 - INFO - [Luồng-1] - Hoàn tất xử lý tài khoản: ineshassan590@yandex.ru
2025-10-30 09:54:57,383 - INFO - [MainThread] - Đã xử lý xong tất cả tài khoản.
2025-10-30 09:54:57,383 - INFO - [MainThread] - ✅ Đăng ký thành công: 1
2025-10-30 09:54:57,383 - INFO - [MainThread] - ❌ Đăng ký thất bại: 0
2025-10-30 09:54:57,384 - INFO - [MainThread] - Chương trình hoàn tất. Thoát sau 5 giây...
2025-10-30 09:55:02,384 - WARNING - [MainThread] - Đang dọn dẹp browsers...
2025-10-30 09:55:02,389 - WARNING - [MainThread] - Đang dọn dẹp browsers...
2025-10-30 12:35:59,166 - INFO - [MainThread] - Đang kiểm tra key live...
2025-10-30 12:35:59,696 - INFO - [MainThread] - ✅ Key live - Cho phép chạy chương trình.
2025-10-30 12:35:59,706 - INFO - [MainThread] - Đã tải 1 tài khoản và 0 proxy
2025-10-30 12:36:05,522 - INFO - [Luồng-1] - ====== WebDriver manager ======
2025-10-30 12:36:07,348 - INFO - [Luồng-1] - Driver [C:\Users\sang2.nguyen\.wdm\drivers\chromedriver\win64\139.0.7258.139\chromedriver-win32/chromedriver.exe] found in cache
2025-10-30 12:36:08,115 - INFO - [Luồng-1] - Bắt đầu kiểm tra tài khoản: ineshassan590@yandex.ru
2025-10-30 12:37:11,954 - WARNING - [Luồng-1] - Đăng nhập thất bại cho ineshassan590@yandex.ru: Acc Die
2025-10-30 12:37:11,956 - INFO - [Luồng-1] - Hoàn tất xử lý tài khoản: ineshassan590@yandex.ru
2025-10-30 12:37:14,438 - INFO - [MainThread] - Đã xử lý xong tất cả tài khoản.
2025-10-30 12:37:14,438 - INFO - [MainThread] - ✅ Đăng ký thành công: 0
2025-10-30 12:37:14,439 - INFO - [MainThread] - ❌ Đăng ký thất bại: 1
2025-10-30 12:37:14,439 - INFO - [MainThread] - Chương trình hoàn tất. Thoát sau 5 giây...
2025-10-30 12:37:19,441 - WARNING - [MainThread] - Đang dọn dẹp browsers...
2025-10-30 12:37:19,444 - WARNING - [MainThread] - Đang dọn dẹp browsers...
2025-10-30 12:38:00,810 - INFO - [MainThread] - Đang kiểm tra key live...
2025-10-30 12:38:01,078 - INFO - [MainThread] - ✅ Key live - Cho phép chạy chương trình.
2025-10-30 12:38:01,082 - ERROR - [MainThread] - Không tìm thấy tài khoản hợp lệ trong accounts.txt
2025-10-30 12:38:01,084 - ERROR - [MainThread] - Lỗi khi tải file đầu vào: ValueError('Không có tài khoản để xử lý')
2025-10-30 12:38:01,084 - ERROR - [MainThread] - Lỗi trong hàm main: ValueError('Không có tài khoản để xử lý')
2025-10-30 12:38:01,085 - WARNING - [MainThread] - Đang dọn dẹp browsers...
2025-10-30 12:38:01,087 - WARNING - [MainThread] - Đang dọn dẹp browsers...
2025-10-30 12:38:24,345 - INFO - [MainThread] - Đang kiểm tra key live...
2025-10-30 12:38:24,598 - INFO - [MainThread] - ✅ Key live - Cho phép chạy chương trình.
2025-10-30 12:38:24,604 - INFO - [MainThread] - Đã tải 1 tài khoản và 0 proxy
2025-10-30 12:38:28,166 - INFO - [Luồng-1] - ====== WebDriver manager ======
2025-10-30 12:38:29,962 - INFO - [Luồng-1] - Driver [C:\Users\sang2.nguyen\.wdm\drivers\chromedriver\win64\139.0.7258.139\chromedriver-win32/chromedriver.exe] found in cache
2025-10-30 12:38:30,774 - INFO - [Luồng-1] - Bắt đầu kiểm tra tài khoản: kmoreau@example.com
2025-10-30 12:39:57,135 - INFO - [Luồng-1] - ✅ kmoreau@example.com - (Total Point: 0 | Operation: 0 | Cash: 0)
2025-10-30 12:39:57,137 - INFO - [Luồng-1] - Hoàn tất xử lý tài khoản: kmoreau@example.com
2025-10-30 12:39:59,496 - INFO - [MainThread] - Đã xử lý xong tất cả tài khoản.
2025-10-30 12:39:59,497 - INFO - [MainThread] - ✅ Đăng ký thành công: 1
2025-10-30 12:39:59,497 - INFO - [MainThread] - ❌ Đăng ký thất bại: 0
2025-10-30 12:39:59,498 - INFO - [MainThread] - Chương trình hoàn tất. Thoát sau 5 giây...
2025-10-30 12:40:04,499 - WARNING - [MainThread] - Đang dọn dẹp browsers...
2025-10-30 12:40:04,502 - WARNING - [MainThread] - Đang dọn dẹp browsers...
2025-10-30 15:35:05,423 - INFO - [MainThread] - Đang kiểm tra key live...
2025-10-30 15:35:05,934 - INFO - [MainThread] - ✅ Key live - Cho phép chạy chương trình.
2025-10-30 15:35:05,935 - INFO - [MainThread] - Đang kiểm tra và chuẩn bị browsers...
2025-10-30 15:35:06,771 - INFO - [MainThread] - ✅ Đã cài đặt browsers thành công
2025-10-30 15:35:06,772 - INFO - [MainThread] - Đã tải 1 tài khoản và 0 proxy
2025-10-30 15:35:12,287 - INFO - [Luồng-1] - Bắt đầu kiểm tra tài khoản: ineshassan590@yandex.ru
2025-10-30 15:35:57,102 - INFO - [Luồng-1] - ✅ ineshassan590@yandex.ru - (Operation: 0 | Cash: 0)
2025-10-30 15:36:08,374 - INFO - [Luồng-1] - ✅ Lấy OTP thành công: 149977
2025-10-30 15:36:09,240 - INFO - [Luồng-1] - Đã gửi OTP để xác thực email cho ineshassan590@yandex.ru
2025-10-30 15:36:09,249 - INFO - [Luồng-1] - Hoàn tất xử lý tài khoản: ineshassan590@yandex.ru
2025-10-30 15:36:09,568 - INFO - [MainThread] - Đã xử lý xong tất cả tài khoản.
2025-10-30 15:36:09,568 - INFO - [MainThread] - ✅ Đăng ký thành công: 1
2025-10-30 15:36:09,568 - INFO - [MainThread] - ❌ Đăng ký thất bại: 0
2025-10-30 15:36:09,568 - INFO - [MainThread] - Đã dọn dẹp dữ liệu người dùng thành công.
2025-10-30 15:36:09,568 - INFO - [MainThread] - Chương trình hoàn tất. Thoát sau 5 giây...
2025-10-30 15:36:14,571 - WARNING - [MainThread] - Đang dọn dẹp browsers...
2025-10-30 15:36:14,571 - WARNING - [MainThread] - Đang dọn dẹp browsers...
2025-10-30 15:37:26,208 - INFO - [MainThread] - Đang kiểm tra key live...
2025-10-30 15:37:26,408 - INFO - [MainThread] - ✅ Key live - Cho phép chạy chương trình.
2025-10-30 15:37:26,408 - INFO - [MainThread] - Đang kiểm tra và chuẩn bị browsers...
2025-10-30 15:37:26,912 - INFO - [MainThread] - ✅ Đã cài đặt browsers thành công
2025-10-30 15:37:26,912 - INFO - [MainThread] - Đã tải 1 tài khoản và 0 proxy
2025-10-30 15:37:29,685 - INFO - [Luồng-1] - Sử dụng hotmail: baldricleonaaron3@hotmail.com|7Kb6Y77605|M.C561_BAY.0.U.-ClmfCqWlYyfxgPcOBI1A0YRzy7nWuPCL14R5QsRhPMin!euYaz0fwPvSM!*j!4Lk1q6uzOmDxlkk8tJx035HfoKZEYISiRE2*usOdopv2PHrPVIzualHtQAWsHoJnaQCV8fMUXNURy8DYUxL8wDyA!dmFN82ELMQHVLes1ITiVtR4k6kX05jijuY14VadCdKYMYU58npP1OHiWc80HdaZz8S*0Y2D2DRaK96ClknLzhfSiBsg6srJJ5hwZmQbHxmA6TLYmMJcRjeEcFR5TmAJ99xH9bcarBGrhjUZM7ORUqg2w96MrBtWtKRAfQlLFnpSPNlqpW5mx7muFMEKaxzYd4$|9e5f94bc-e8a4-4e73-b8be-63364c29d753 cho tài khoản ineshassan590@yandex.ru
2025-10-30 15:37:29,685 - INFO - [Luồng-1] - Bắt đầu kiểm tra tài khoản: ineshassan590@yandex.ru
2025-10-30 15:38:02,188 - INFO - [Luồng-1] - ✅ ineshassan590@yandex.ru - (Total Point: 0 | Operation: 0 | Cash: 0)
2025-10-30 15:38:11,132 - INFO - [Luồng-1] - ✅ Lấy OTP thành công: 732834
2025-10-30 15:38:12,005 - INFO - [Luồng-1] - Đã gửi OTP để xác thực email cho ineshassan590@yandex.ru
2025-10-30 15:38:12,007 - INFO - [Luồng-1] - Hoàn tất xử lý tài khoản: ineshassan590@yandex.ru
2025-10-30 15:38:12,335 - INFO - [MainThread] - Đã xử lý xong tất cả tài khoản.
2025-10-30 15:38:12,335 - INFO - [MainThread] - ✅ Đăng ký thành công: 1
2025-10-30 15:38:12,336 - INFO - [MainThread] - ❌ Đăng ký thất bại: 0
2025-10-30 15:38:12,336 - INFO - [MainThread] - Đã dọn dẹp dữ liệu người dùng thành công.
2025-10-30 15:38:12,336 - INFO - [MainThread] - Chương trình hoàn tất. Thoát sau 5 giây...
2025-10-30 15:38:17,338 - WARNING - [MainThread] - Đang dọn dẹp browsers...
2025-10-30 15:38:17,338 - WARNING - [MainThread] - Đang dọn dẹp browsers...
